Started GET "/" for 127.0.0.1 at 2017-05-31 10:18:56 -0400
  [1m[36mActiveRecord::SchemaMigration Load (1.6ms)[0m  [1m[34mSELECT "schema_migrations".* FROM "schema_migrations"[0m
Processing by ApplicationController#home as HTML
  Rendering application/home.html.erb within layouts/application
  Rendered application/home.html.erb within layouts/application (1.9ms)
Completed 200 OK in 810ms (Views: 798.3ms | ActiveRecord: 0.0ms)


Started GET "/signin" for 127.0.0.1 at 2017-05-31 10:19:05 -0400
Processing by SessionsController#new as HTML
  Rendering sessions/new.html.erb within layouts/application
  Rendered sessions/new.html.erb within layouts/application (1.9ms)
Completed 200 OK in 43ms (Views: 37.1ms | ActiveRecord: 0.0ms)


Started GET "/users/new" for 127.0.0.1 at 2017-05-31 10:19:13 -0400
Processing by UsersController#new as HTML
  Rendering users/new.html.erb within layouts/application
  Rendered users/new.html.erb within layouts/application (26.4ms)
Completed 200 OK in 161ms (Views: 64.8ms | ActiveRecord: 47.6ms)


Started POST "/users" for 127.0.0.1 at 2017-05-31 10:19:41 -0400
Processing by UsersController#create as HTML
  Parameters: {"utf8"=>"✓", "authenticity_token"=>"6u5rqwTdyDXlMUdwXNHIDMVDTG5o147PWCqyopg7lqfxo5qpCh9WfoEThBzlVMurkAYJ9jhAhedGZgaJZDfOPg==", "user"=>{"name"=>"terrance", "email"=>"terrance@taskr.com", "manager"=>"1", "password"=>"[FILTERED]", "password_confirmation"=>"[FILTERED]", "phone"=>"1234567890"}, "commit"=>"Will self into existence"}
  [1m[35m (1.7ms)[0m  [1m[35mBEGIN[0m
  [1m[36mUser Exists (2.4ms)[0m  [1m[34mSELECT  1 AS one FROM "users" WHERE "users"."email" = $1 LIMIT $2[0m  [["email", "terrance@taskr.com"], ["LIMIT", 1]]
  [1m[35mSQL (8.6ms)[0m  [1m[32mINSERT INTO "users" ("name", "manager", "password_digest", "email", "phone", "created_at", "updated_at") VALUES ($1, $2, $3, $4, $5, $6, $7) RETURNING "id"[0m  [["name", "terrance"], ["manager", "t"], ["password_digest", "$2a$10$PnR0E7EQpSYRn09jaIwsp.8UAAjJlzMXDGarc/nfblgOvvo6Oq6xi"], ["email", "terrance@taskr.com"], ["phone", "1234567890"], ["created_at", "2017-05-31 14:19:42.007964"], ["updated_at", "2017-05-31 14:19:42.007964"]]
  [1m[35m (0.8ms)[0m  [1m[35mCOMMIT[0m
Redirected to http://localhost:3000/users/3
Completed 302 Found in 122ms (ActiveRecord: 13.5ms)


Started GET "/users/3" for 127.0.0.1 at 2017-05-31 10:19:42 -0400
Processing by UsersController#show as HTML
  Parameters: {"id"=>"3"}
  [1m[36mUser Load (0.7ms)[0m  [1m[34mSELECT  "users".* FROM "users" WHERE "users"."id" = $1 LIMIT $2[0m  [["id", 3], ["LIMIT", 1]]
  [1m[36mUser Load (0.2ms)[0m  [1m[34mSELECT  "users".* FROM "users" WHERE "users"."id" = $1 LIMIT $2[0m  [["id", 3], ["LIMIT", 1]]
  Rendering users/show.html.erb within layouts/application
  Rendered users/show.html.erb within layouts/application (0.4ms)
Completed 200 OK in 35ms (Views: 25.7ms | ActiveRecord: 1.5ms)


Started GET "/events" for 127.0.0.1 at 2017-05-31 10:19:45 -0400
Processing by EventsController#index as HTML
  Rendering events/index.html.erb within layouts/application
  Rendered events/index.html.erb within layouts/application (0.7ms)
  [1m[36mUser Load (0.7ms)[0m  [1m[34mSELECT  "users".* FROM "users" WHERE "users"."id" = $1 LIMIT $2[0m  [["id", 3], ["LIMIT", 1]]
Completed 200 OK in 94ms (Views: 72.5ms | ActiveRecord: 1.0ms)


Started GET "/events/new" for 127.0.0.1 at 2017-05-31 10:19:49 -0400
Processing by EventsController#new as HTML
  [1m[36mUser Load (0.4ms)[0m  [1m[34mSELECT  "users".* FROM "users" WHERE "users"."id" = $1 LIMIT $2[0m  [["id", 3], ["LIMIT", 1]]
  Rendering events/new.html.erb within layouts/application
  Rendered events/new.html.erb within layouts/application (0.8ms)
Completed 500 Internal Server Error in 25ms (ActiveRecord: 8.0ms)


  
SyntaxError (/Users/terrancekoar/programs/flatiron/taskr_app/app/views/events/new.html.erb:4: syntax error, unexpected keyword_ensure, expecting keyword_end
/Users/terrancekoar/programs/flatiron/taskr_app/app/views/events/new.html.erb:6: syntax error, unexpected end-of-input, expecting keyword_end):
  
app/views/events/new.html.erb:4: syntax error, unexpected keyword_ensure, expecting keyword_end
app/views/events/new.html.erb:6: syntax error, unexpected end-of-input, expecting keyword_end
  Rendering /Users/terrancekoar/.rvm/gems/ruby-2.3.4/gems/actionpack-5.0.3/lib/action_dispatch/middleware/templates/rescues/diagnostics.html.erb within rescues/layout
  Rendering /Users/terrancekoar/.rvm/gems/ruby-2.3.4/gems/actionpack-5.0.3/lib/action_dispatch/middleware/templates/rescues/_source.html.erb
  Rendered /Users/terrancekoar/.rvm/gems/ruby-2.3.4/gems/actionpack-5.0.3/lib/action_dispatch/middleware/templates/rescues/_source.html.erb (3.4ms)
  Rendering /Users/terrancekoar/.rvm/gems/ruby-2.3.4/gems/actionpack-5.0.3/lib/action_dispatch/middleware/templates/rescues/_trace.html.erb
  Rendered /Users/terrancekoar/.rvm/gems/ruby-2.3.4/gems/actionpack-5.0.3/lib/action_dispatch/middleware/templates/rescues/_trace.html.erb (2.1ms)
  Rendering /Users/terrancekoar/.rvm/gems/ruby-2.3.4/gems/actionpack-5.0.3/lib/action_dispatch/middleware/templates/rescues/_request_and_response.html.erb
  Rendered /Users/terrancekoar/.rvm/gems/ruby-2.3.4/gems/actionpack-5.0.3/lib/action_dispatch/middleware/templates/rescues/_request_and_response.html.erb (0.8ms)
  Rendered /Users/terrancekoar/.rvm/gems/ruby-2.3.4/gems/actionpack-5.0.3/lib/action_dispatch/middleware/templates/rescues/diagnostics.html.erb within rescues/layout (67.8ms)
Started GET "/events/new" for 127.0.0.1 at 2017-05-31 10:20:25 -0400
Processing by EventsController#new as HTML
  [1m[36mUser Load (0.4ms)[0m  [1m[34mSELECT  "users".* FROM "users" WHERE "users"."id" = $1 LIMIT $2[0m  [["id", 3], ["LIMIT", 1]]
  Rendering events/new.html.erb within layouts/application
  Rendered events/new.html.erb within layouts/application (2.1ms)
Completed 200 OK in 30ms (Views: 26.2ms | ActiveRecord: 0.4ms)


Started DELETE "/signout" for 127.0.0.1 at 2017-05-31 10:20:32 -0400
Processing by SessionsController#destroy as HTML
  Parameters: {"authenticity_token"=>"YaIYCKrKu2soK8GxLR/B635czBc654QVv3FCyMMJ2lOLup2vl0sXjtPd89CbE8ldRLSH/0nmgnEkXrF7RF3lAw=="}
Redirected to http://localhost:3000/
Completed 302 Found in 2ms (ActiveRecord: 0.0ms)


Started GET "/" for 127.0.0.1 at 2017-05-31 10:20:32 -0400
Processing by ApplicationController#home as HTML
  Rendering application/home.html.erb within layouts/application
  Rendered application/home.html.erb within layouts/application (0.7ms)
Completed 200 OK in 31ms (Views: 26.7ms | ActiveRecord: 0.0ms)


Started GET "/signin" for 127.0.0.1 at 2017-05-31 10:20:33 -0400
Processing by SessionsController#new as HTML
  Rendering sessions/new.html.erb within layouts/application
  Rendered sessions/new.html.erb within layouts/application (1.6ms)
Completed 200 OK in 59ms (Views: 50.4ms | ActiveRecord: 0.0ms)


Started GET "/users/new" for 127.0.0.1 at 2017-05-31 10:20:35 -0400
Processing by UsersController#new as HTML
  Rendering users/new.html.erb within layouts/application
  Rendered users/new.html.erb within layouts/application (5.7ms)
Completed 200 OK in 60ms (Views: 56.0ms | ActiveRecord: 0.0ms)


Started POST "/users" for 127.0.0.1 at 2017-05-31 10:20:55 -0400
Processing by UsersController#create as HTML
  Parameters: {"utf8"=>"✓", "authenticity_token"=>"wNgLxJo0RLjHQ9ixiUoWrgkn9FxyoaHzCMcCpmjIrSPblfrGlPba86NhG90wzxUJXGKxxCI2qtsWi7aNlMT1ug==", "user"=>{"name"=>"jake", "email"=>"jake@taskr.com", "manager"=>"0", "password"=>"[FILTERED]", "password_confirmation"=>"[FILTERED]", "phone"=>"0987654321"}, "commit"=>"Will self into existence"}
  [1m[35m (0.1ms)[0m  [1m[35mBEGIN[0m
  [1m[36mUser Exists (0.3ms)[0m  [1m[34mSELECT  1 AS one FROM "users" WHERE "users"."email" = $1 LIMIT $2[0m  [["email", "jake@taskr.com"], ["LIMIT", 1]]
  [1m[35mSQL (0.4ms)[0m  [1m[32mINSERT INTO "users" ("name", "manager", "password_digest", "email", "phone", "created_at", "updated_at") VALUES ($1, $2, $3, $4, $5, $6, $7) RETURNING "id"[0m  [["name", "jake"], ["manager", "f"], ["password_digest", "$2a$10$YozaW3wo4gGtokpqLvfcoeF7Fu0wcMmovGwN5ZAVli4lb2UzbWDXO"], ["email", "jake@taskr.com"], ["phone", "0987654321"], ["created_at", "2017-05-31 14:20:55.186248"], ["updated_at", "2017-05-31 14:20:55.186248"]]
  [1m[35m (1.6ms)[0m  [1m[35mCOMMIT[0m
Redirected to http://localhost:3000/users/4
Completed 302 Found in 90ms (ActiveRecord: 2.4ms)


Started GET "/users/4" for 127.0.0.1 at 2017-05-31 10:20:55 -0400
Processing by UsersController#show as HTML
  Parameters: {"id"=>"4"}
  [1m[36mUser Load (0.4ms)[0m  [1m[34mSELECT  "users".* FROM "users" WHERE "users"."id" = $1 LIMIT $2[0m  [["id", 4], ["LIMIT", 1]]
  [1m[36mUser Load (0.4ms)[0m  [1m[34mSELECT  "users".* FROM "users" WHERE "users"."id" = $1 LIMIT $2[0m  [["id", 4], ["LIMIT", 1]]
  Rendering users/show.html.erb within layouts/application
  Rendered users/show.html.erb within layouts/application (0.5ms)
Completed 200 OK in 54ms (Views: 49.1ms | ActiveRecord: 0.8ms)


Started GET "/events" for 127.0.0.1 at 2017-05-31 10:21:00 -0400
Processing by EventsController#index as HTML
  Rendering events/index.html.erb within layouts/application
  Rendered events/index.html.erb within layouts/application (1.2ms)
  [1m[36mUser Load (0.4ms)[0m  [1m[34mSELECT  "users".* FROM "users" WHERE "users"."id" = $1 LIMIT $2[0m  [["id", 4], ["LIMIT", 1]]
Completed 200 OK in 87ms (Views: 82.2ms | ActiveRecord: 0.4ms)


Started GET "/events/new" for 127.0.0.1 at 2017-05-31 10:21:04 -0400
Processing by EventsController#new as HTML
  [1m[36mUser Load (0.4ms)[0m  [1m[34mSELECT  "users".* FROM "users" WHERE "users"."id" = $1 LIMIT $2[0m  [["id", 4], ["LIMIT", 1]]
Redirected to http://localhost:3000/
Filter chain halted as :admin rendered or redirected
Completed 302 Found in 4ms (ActiveRecord: 0.4ms)


Started GET "/" for 127.0.0.1 at 2017-05-31 10:21:04 -0400
Processing by ApplicationController#home as HTML
  Rendering application/home.html.erb within layouts/application
  Rendered application/home.html.erb within layouts/application (0.5ms)
  [1m[36mUser Load (0.4ms)[0m  [1m[34mSELECT  "users".* FROM "users" WHERE "users"."id" = $1 LIMIT $2[0m  [["id", 4], ["LIMIT", 1]]
Completed 200 OK in 40ms (Views: 35.9ms | ActiveRecord: 0.4ms)


Started GET "/" for 127.0.0.1 at 2017-05-31 10:25:53 -0400
Processing by ApplicationController#home as HTML
  Rendering application/home.html.erb within layouts/application
  Rendered application/home.html.erb within layouts/application (0.8ms)
  [1m[36mUser Load (0.5ms)[0m  [1m[34mSELECT  "users".* FROM "users" WHERE "users"."id" = $1 LIMIT $2[0m  [["id", 4], ["LIMIT", 1]]
Completed 200 OK in 45ms (Views: 38.9ms | ActiveRecord: 0.5ms)


Started DELETE "/signout" for 127.0.0.1 at 2017-05-31 10:25:55 -0400
Processing by SessionsController#destroy as HTML
  Parameters: {"authenticity_token"=>"ZrD4GKhyRZ+jbFVc+8iNu88BT3LluHq9N9FDBTRFGKCMqH2/lfPpeliaZz1NxIUN9ekEmpa5fNms/rC2sxEn8A=="}
Redirected to http://localhost:3000/
Completed 302 Found in 2ms (ActiveRecord: 0.0ms)


Started GET "/" for 127.0.0.1 at 2017-05-31 10:25:55 -0400
Processing by ApplicationController#home as HTML
  Rendering application/home.html.erb within layouts/application
  Rendered application/home.html.erb within layouts/application (0.8ms)
Completed 200 OK in 29ms (Views: 25.4ms | ActiveRecord: 0.0ms)


Started GET "/signin" for 127.0.0.1 at 2017-05-31 10:25:56 -0400
Processing by SessionsController#new as HTML
  Rendering sessions/new.html.erb within layouts/application
  Rendered sessions/new.html.erb within layouts/application (1.6ms)
Completed 200 OK in 75ms (Views: 66.2ms | ActiveRecord: 0.0ms)


Started POST "/signin" for 127.0.0.1 at 2017-05-31 10:26:05 -0400
Processing by SessionsController#create as HTML
  Parameters: {"utf8"=>"✓", "authenticity_token"=>"E38MDyTYR6dAia7iU7eG2jehiJL7Gv65SnkR0awUEBtG3GHUjkxcdMAnwhqHzRKBuE7XYyfil7dXT9IouDRfeg==", "email"=>"terrance@taskr.com", "password"=>"[FILTERED]", "commit"=>"ENTAH"}
  [1m[36mUser Load (0.4ms)[0m  [1m[34mSELECT  "users".* FROM "users" WHERE "users"."email" = $1 LIMIT $2[0m  [["email", "terrance@taskr.com"], ["LIMIT", 1]]
Redirected to http://localhost:3000/users/3
Completed 302 Found in 4ms (ActiveRecord: 0.4ms)


Started GET "/users/3" for 127.0.0.1 at 2017-05-31 10:26:05 -0400
Processing by UsersController#show as HTML
  Parameters: {"id"=>"3"}
  [1m[36mUser Load (0.3ms)[0m  [1m[34mSELECT  "users".* FROM "users" WHERE "users"."id" = $1 LIMIT $2[0m  [["id", 3], ["LIMIT", 1]]
  [1m[36mUser Load (0.2ms)[0m  [1m[34mSELECT  "users".* FROM "users" WHERE "users"."id" = $1 LIMIT $2[0m  [["id", 3], ["LIMIT", 1]]
  Rendering users/show.html.erb within layouts/application
  Rendered users/show.html.erb within layouts/application (0.4ms)
Completed 200 OK in 30ms (Views: 24.2ms | ActiveRecord: 0.5ms)


Started GET "/events" for 127.0.0.1 at 2017-05-31 10:26:08 -0400
Processing by EventsController#index as HTML
  Rendering events/index.html.erb within layouts/application
  Rendered events/index.html.erb within layouts/application (0.6ms)
  [1m[36mUser Load (1.3ms)[0m  [1m[34mSELECT  "users".* FROM "users" WHERE "users"."id" = $1 LIMIT $2[0m  [["id", 3], ["LIMIT", 1]]
Completed 200 OK in 56ms (Views: 51.9ms | ActiveRecord: 1.3ms)


Started GET "/events/new" for 127.0.0.1 at 2017-05-31 10:26:11 -0400
Processing by EventsController#new as HTML
  [1m[36mUser Load (0.9ms)[0m  [1m[34mSELECT  "users".* FROM "users" WHERE "users"."id" = $1 LIMIT $2[0m  [["id", 3], ["LIMIT", 1]]
  Rendering events/new.html.erb within layouts/application
  Rendered events/new.html.erb within layouts/application (7.2ms)
Completed 200 OK in 39ms (Views: 32.0ms | ActiveRecord: 0.9ms)


Started GET "/events/new" for 127.0.0.1 at 2017-05-31 10:30:03 -0400
Processing by EventsController#new as HTML
  [1m[36mUser Load (0.3ms)[0m  [1m[34mSELECT  "users".* FROM "users" WHERE "users"."id" = $1 LIMIT $2[0m  [["id", 3], ["LIMIT", 1]]
  Rendering events/new.html.erb within layouts/application
  Rendered events/new.html.erb within layouts/application (4.0ms)
Completed 200 OK in 49ms (Views: 46.2ms | ActiveRecord: 0.3ms)


Started GET "/events/new" for 127.0.0.1 at 2017-05-31 10:31:05 -0400
Processing by EventsController#new as HTML
  [1m[36mUser Load (0.4ms)[0m  [1m[34mSELECT  "users".* FROM "users" WHERE "users"."id" = $1 LIMIT $2[0m  [["id", 3], ["LIMIT", 1]]
  Rendering events/new.html.erb within layouts/application
  Rendered events/new.html.erb within layouts/application (5.3ms)
Completed 200 OK in 54ms (Views: 48.2ms | ActiveRecord: 0.4ms)


Started GET "/events/new" for 127.0.0.1 at 2017-05-31 10:31:36 -0400
Processing by EventsController#new as HTML
  [1m[36mUser Load (0.3ms)[0m  [1m[34mSELECT  "users".* FROM "users" WHERE "users"."id" = $1 LIMIT $2[0m  [["id", 3], ["LIMIT", 1]]
  Rendering events/new.html.erb within layouts/application
  Rendered events/new.html.erb within layouts/application (3.4ms)
Completed 200 OK in 48ms (Views: 42.5ms | ActiveRecord: 0.3ms)


Started GET "/events/new" for 127.0.0.1 at 2017-05-31 10:37:57 -0400
Processing by EventsController#new as HTML
  [1m[36mUser Load (0.2ms)[0m  [1m[34mSELECT  "users".* FROM "users" WHERE "users"."id" = $1 LIMIT $2[0m  [["id", 3], ["LIMIT", 1]]
  Rendering events/new.html.erb within layouts/application
  Rendered events/new.html.erb within layouts/application (15.5ms)
Completed 500 Internal Server Error in 62ms (ActiveRecord: 14.1ms)


  
ActionView::Template::Error (undefined method `location' for #<Event:0x007fd473b29770>
Did you mean?  locations
               locations=):
    13: <%= f.datetime_field :end_date %>
    14: <br>
    15: <%= f.label :location %>
    16: <%= f.text_area :location, placeholder: "enter locations separated by commas (i.e. green room, loading dock 1, ...)" %>
    17: <br>
    18: <%= f.submit %>
    19: <br>
  
app/views/events/new.html.erb:16:in `block in _app_views_events_new_html_erb__2561438109511657477_70275225272480'
app/views/events/new.html.erb:2:in `_app_views_events_new_html_erb__2561438109511657477_70275225272480'
  Rendering /Users/terrancekoar/.rvm/gems/ruby-2.3.4/gems/actionpack-5.0.3/lib/action_dispatch/middleware/templates/rescues/template_error.html.erb within rescues/layout
  Rendering /Users/terrancekoar/.rvm/gems/ruby-2.3.4/gems/actionpack-5.0.3/lib/action_dispatch/middleware/templates/rescues/_source.html.erb
  Rendered /Users/terrancekoar/.rvm/gems/ruby-2.3.4/gems/actionpack-5.0.3/lib/action_dispatch/middleware/templates/rescues/_source.html.erb (3.8ms)
  Rendering /Users/terrancekoar/.rvm/gems/ruby-2.3.4/gems/actionpack-5.0.3/lib/action_dispatch/middleware/templates/rescues/_trace.html.erb
  Rendered /Users/terrancekoar/.rvm/gems/ruby-2.3.4/gems/actionpack-5.0.3/lib/action_dispatch/middleware/templates/rescues/_trace.html.erb (1.9ms)
  Rendering /Users/terrancekoar/.rvm/gems/ruby-2.3.4/gems/actionpack-5.0.3/lib/action_dispatch/middleware/templates/rescues/_request_and_response.html.erb
  Rendered /Users/terrancekoar/.rvm/gems/ruby-2.3.4/gems/actionpack-5.0.3/lib/action_dispatch/middleware/templates/rescues/_request_and_response.html.erb (0.9ms)
  Rendered /Users/terrancekoar/.rvm/gems/ruby-2.3.4/gems/actionpack-5.0.3/lib/action_dispatch/middleware/templates/rescues/template_error.html.erb within rescues/layout (61.7ms)
Started GET "/events/new" for 127.0.0.1 at 2017-05-31 10:38:46 -0400
Processing by EventsController#new as HTML
  [1m[36mUser Load (0.3ms)[0m  [1m[34mSELECT  "users".* FROM "users" WHERE "users"."id" = $1 LIMIT $2[0m  [["id", 3], ["LIMIT", 1]]
  Rendering events/new.html.erb within layouts/application
  Rendered events/new.html.erb within layouts/application (26.5ms)
Completed 200 OK in 88ms (Views: 60.6ms | ActiveRecord: 0.3ms)


Started POST "/events" for 127.0.0.1 at 2017-05-31 10:40:12 -0400
Processing by EventsController#create as HTML
  Parameters: {"utf8"=>"✓", "authenticity_token"=>"lptFqLVvyS4iAtEgciGj/AGGnySyW9PEDoOgPKZ4sWZ8g8APiO5ly9n040HELatKO27UzMFa1aCVrFOPISyONg==", "event"=>{"title"=>"fake event", "address"=>"11 broadway, new york, ny 10001", "start_date"=>"2017-06-01T13:59", "end_date"=>"2017-06-02T12:59", "locations"=>"green room, dock, hallway"}, "commit"=>"Create Event"}
  [1m[36mUser Load (1.0ms)[0m  [1m[34mSELECT  "users".* FROM "users" WHERE "users"."id" = $1 LIMIT $2[0m  [["id", 3], ["LIMIT", 1]]
Completed 500 Internal Server Error in 8ms (ActiveRecord: 0.9ms)


  
NoMethodError (undefined method `each' for "green room, dock, hallway":String):
  
app/controllers/events_controller.rb:15:in `create'
  Rendering /Users/terrancekoar/.rvm/gems/ruby-2.3.4/gems/actionpack-5.0.3/lib/action_dispatch/middleware/templates/rescues/diagnostics.html.erb within rescues/layout
  Rendering /Users/terrancekoar/.rvm/gems/ruby-2.3.4/gems/actionpack-5.0.3/lib/action_dispatch/middleware/templates/rescues/_source.html.erb
  Rendered /Users/terrancekoar/.rvm/gems/ruby-2.3.4/gems/actionpack-5.0.3/lib/action_dispatch/middleware/templates/rescues/_source.html.erb (2.4ms)
  Rendering /Users/terrancekoar/.rvm/gems/ruby-2.3.4/gems/actionpack-5.0.3/lib/action_dispatch/middleware/templates/rescues/_trace.html.erb
  Rendered /Users/terrancekoar/.rvm/gems/ruby-2.3.4/gems/actionpack-5.0.3/lib/action_dispatch/middleware/templates/rescues/_trace.html.erb (1.3ms)
  Rendering /Users/terrancekoar/.rvm/gems/ruby-2.3.4/gems/actionpack-5.0.3/lib/action_dispatch/middleware/templates/rescues/_request_and_response.html.erb
  Rendered /Users/terrancekoar/.rvm/gems/ruby-2.3.4/gems/actionpack-5.0.3/lib/action_dispatch/middleware/templates/rescues/_request_and_response.html.erb (9.1ms)
  Rendered /Users/terrancekoar/.rvm/gems/ruby-2.3.4/gems/actionpack-5.0.3/lib/action_dispatch/middleware/templates/rescues/diagnostics.html.erb within rescues/layout (65.4ms)
Started POST "/events" for 127.0.0.1 at 2017-05-31 10:42:05 -0400
Processing by EventsController#create as HTML
  Parameters: {"utf8"=>"✓", "authenticity_token"=>"lptFqLVvyS4iAtEgciGj/AGGnySyW9PEDoOgPKZ4sWZ8g8APiO5ly9n040HELatKO27UzMFa1aCVrFOPISyONg==", "event"=>{"title"=>"fake event", "address"=>"11 broadway, new york, ny 10001", "start_date"=>"2017-06-01T13:59", "end_date"=>"2017-06-02T12:59", "locations"=>"green room, dock, hallway"}, "commit"=>"Create Event"}
  [1m[36mUser Load (0.3ms)[0m  [1m[34mSELECT  "users".* FROM "users" WHERE "users"."id" = $1 LIMIT $2[0m  [["id", 3], ["LIMIT", 1]]
Completed 500 Internal Server Error in 7ms (ActiveRecord: 0.3ms)


  
NoMethodError (undefined method `each' for "green room, dock, hallway":String):
  
app/controllers/events_controller.rb:15:in `create'
  Rendering /Users/terrancekoar/.rvm/gems/ruby-2.3.4/gems/actionpack-5.0.3/lib/action_dispatch/middleware/templates/rescues/diagnostics.html.erb within rescues/layout
  Rendering /Users/terrancekoar/.rvm/gems/ruby-2.3.4/gems/actionpack-5.0.3/lib/action_dispatch/middleware/templates/rescues/_source.html.erb
  Rendered /Users/terrancekoar/.rvm/gems/ruby-2.3.4/gems/actionpack-5.0.3/lib/action_dispatch/middleware/templates/rescues/_source.html.erb (3.4ms)
  Rendering /Users/terrancekoar/.rvm/gems/ruby-2.3.4/gems/actionpack-5.0.3/lib/action_dispatch/middleware/templates/rescues/_trace.html.erb
  Rendered /Users/terrancekoar/.rvm/gems/ruby-2.3.4/gems/actionpack-5.0.3/lib/action_dispatch/middleware/templates/rescues/_trace.html.erb (1.6ms)
  Rendering /Users/terrancekoar/.rvm/gems/ruby-2.3.4/gems/actionpack-5.0.3/lib/action_dispatch/middleware/templates/rescues/_request_and_response.html.erb
  Rendered /Users/terrancekoar/.rvm/gems/ruby-2.3.4/gems/actionpack-5.0.3/lib/action_dispatch/middleware/templates/rescues/_request_and_response.html.erb (1.5ms)
  Rendered /Users/terrancekoar/.rvm/gems/ruby-2.3.4/gems/actionpack-5.0.3/lib/action_dispatch/middleware/templates/rescues/diagnostics.html.erb within rescues/layout (59.4ms)
Started GET "/events/new" for 127.0.0.1 at 2017-05-31 10:42:10 -0400
Processing by EventsController#new as HTML
  [1m[36mUser Load (0.3ms)[0m  [1m[34mSELECT  "users".* FROM "users" WHERE "users"."id" = $1 LIMIT $2[0m  [["id", 3], ["LIMIT", 1]]
  Rendering events/new.html.erb within layouts/application
  Rendered events/new.html.erb within layouts/application (18.2ms)
Completed 500 Internal Server Error in 28ms (ActiveRecord: 0.3ms)


  
ActionView::Template::Error (undefined method `params[:locations]' for #<Event:0x007fd4737b39b0>):
    13: <%= f.datetime_field :end_date %>
    14: <br>
    15: <%= f.label :locations %>
    16: <%= f.text_area 'params[:locations]', placeholder: "enter locations separated by commas (i.e. green room, loading dock 1, ...)" %>
    17: <br>
    18: <%= f.submit %>
    19: <br>
  
app/views/events/new.html.erb:16:in `block in _app_views_events_new_html_erb__2561438109511657477_70275223608740'
app/views/events/new.html.erb:2:in `_app_views_events_new_html_erb__2561438109511657477_70275223608740'
  Rendering /Users/terrancekoar/.rvm/gems/ruby-2.3.4/gems/actionpack-5.0.3/lib/action_dispatch/middleware/templates/rescues/template_error.html.erb within rescues/layout
  Rendering /Users/terrancekoar/.rvm/gems/ruby-2.3.4/gems/actionpack-5.0.3/lib/action_dispatch/middleware/templates/rescues/_source.html.erb
  Rendered /Users/terrancekoar/.rvm/gems/ruby-2.3.4/gems/actionpack-5.0.3/lib/action_dispatch/middleware/templates/rescues/_source.html.erb (4.5ms)
  Rendering /Users/terrancekoar/.rvm/gems/ruby-2.3.4/gems/actionpack-5.0.3/lib/action_dispatch/middleware/templates/rescues/_trace.html.erb
  Rendered /Users/terrancekoar/.rvm/gems/ruby-2.3.4/gems/actionpack-5.0.3/lib/action_dispatch/middleware/templates/rescues/_trace.html.erb (1.7ms)
  Rendering /Users/terrancekoar/.rvm/gems/ruby-2.3.4/gems/actionpack-5.0.3/lib/action_dispatch/middleware/templates/rescues/_request_and_response.html.erb
  Rendered /Users/terrancekoar/.rvm/gems/ruby-2.3.4/gems/actionpack-5.0.3/lib/action_dispatch/middleware/templates/rescues/_request_and_response.html.erb (0.9ms)
  Rendered /Users/terrancekoar/.rvm/gems/ruby-2.3.4/gems/actionpack-5.0.3/lib/action_dispatch/middleware/templates/rescues/template_error.html.erb within rescues/layout (56.9ms)
Started GET "/events" for 127.0.0.1 at 2017-05-31 10:42:22 -0400
Processing by EventsController#index as HTML
  Rendering events/index.html.erb within layouts/application
  Rendered events/index.html.erb within layouts/application (0.5ms)
  [1m[36mUser Load (0.5ms)[0m  [1m[34mSELECT  "users".* FROM "users" WHERE "users"."id" = $1 LIMIT $2[0m  [["id", 3], ["LIMIT", 1]]
Completed 200 OK in 73ms (Views: 69.9ms | ActiveRecord: 0.5ms)


Started GET "/events/new" for 127.0.0.1 at 2017-05-31 10:42:26 -0400
Processing by EventsController#new as HTML
  [1m[36mUser Load (0.7ms)[0m  [1m[34mSELECT  "users".* FROM "users" WHERE "users"."id" = $1 LIMIT $2[0m  [["id", 3], ["LIMIT", 1]]
  Rendering events/new.html.erb within layouts/application
  Rendered events/new.html.erb within layouts/application (22.6ms)
Completed 500 Internal Server Error in 38ms (ActiveRecord: 0.7ms)


  
ActionView::Template::Error (undefined method `params[:locations]' for #<Event:0x007fd478310318>):
    13: <%= f.datetime_field :end_date %>
    14: <br>
    15: <%= f.label :locations %>
    16: <%= f.text_area 'params[:locations]', placeholder: "enter locations separated by commas (i.e. green room, loading dock 1, ...)" %>
    17: <br>
    18: <%= f.submit %>
    19: <br>
  
app/views/events/new.html.erb:16:in `block in _app_views_events_new_html_erb__2561438109511657477_70275263124880'
app/views/events/new.html.erb:2:in `_app_views_events_new_html_erb__2561438109511657477_70275263124880'
  Rendering /Users/terrancekoar/.rvm/gems/ruby-2.3.4/gems/actionpack-5.0.3/lib/action_dispatch/middleware/templates/rescues/template_error.html.erb within rescues/layout
  Rendering /Users/terrancekoar/.rvm/gems/ruby-2.3.4/gems/actionpack-5.0.3/lib/action_dispatch/middleware/templates/rescues/_source.html.erb
  Rendered /Users/terrancekoar/.rvm/gems/ruby-2.3.4/gems/actionpack-5.0.3/lib/action_dispatch/middleware/templates/rescues/_source.html.erb (4.6ms)
  Rendering /Users/terrancekoar/.rvm/gems/ruby-2.3.4/gems/actionpack-5.0.3/lib/action_dispatch/middleware/templates/rescues/_trace.html.erb
  Rendered /Users/terrancekoar/.rvm/gems/ruby-2.3.4/gems/actionpack-5.0.3/lib/action_dispatch/middleware/templates/rescues/_trace.html.erb (2.0ms)
  Rendering /Users/terrancekoar/.rvm/gems/ruby-2.3.4/gems/actionpack-5.0.3/lib/action_dispatch/middleware/templates/rescues/_request_and_response.html.erb
  Rendered /Users/terrancekoar/.rvm/gems/ruby-2.3.4/gems/actionpack-5.0.3/lib/action_dispatch/middleware/templates/rescues/_request_and_response.html.erb (0.8ms)
  Rendered /Users/terrancekoar/.rvm/gems/ruby-2.3.4/gems/actionpack-5.0.3/lib/action_dispatch/middleware/templates/rescues/template_error.html.erb within rescues/layout (72.8ms)
Started GET "/events/new" for 127.0.0.1 at 2017-05-31 10:52:35 -0400
Processing by EventsController#new as HTML
  [1m[36mUser Load (0.4ms)[0m  [1m[34mSELECT  "users".* FROM "users" WHERE "users"."id" = $1 LIMIT $2[0m  [["id", 3], ["LIMIT", 1]]
  Rendering events/new.html.erb within layouts/application
  Rendered events/new.html.erb within layouts/application (2.9ms)
Completed 200 OK in 45ms (Views: 40.9ms | ActiveRecord: 0.4ms)


Started GET "/events/new" for 127.0.0.1 at 2017-05-31 10:53:23 -0400
Processing by EventsController#new as HTML
  [1m[36mUser Load (0.6ms)[0m  [1m[34mSELECT  "users".* FROM "users" WHERE "users"."id" = $1 LIMIT $2[0m  [["id", 3], ["LIMIT", 1]]
  Rendering events/new.html.erb within layouts/application
  Rendered events/new.html.erb within layouts/application (2.1ms)
Completed 200 OK in 57ms (Views: 49.4ms | ActiveRecord: 0.6ms)


Started GET "/events/new" for 127.0.0.1 at 2017-05-31 10:56:13 -0400
Processing by EventsController#new as HTML
  [1m[36mUser Load (0.3ms)[0m  [1m[34mSELECT  "users".* FROM "users" WHERE "users"."id" = $1 LIMIT $2[0m  [["id", 3], ["LIMIT", 1]]
  Rendering events/new.html.erb within layouts/application
  Rendered events/new.html.erb within layouts/application (2.6ms)
Completed 200 OK in 50ms (Views: 43.7ms | ActiveRecord: 0.3ms)


Started GET "/events/new" for 127.0.0.1 at 2017-05-31 10:56:48 -0400
Processing by EventsController#new as HTML
  [1m[36mUser Load (0.4ms)[0m  [1m[34mSELECT  "users".* FROM "users" WHERE "users"."id" = $1 LIMIT $2[0m  [["id", 3], ["LIMIT", 1]]
  Rendering events/new.html.erb within layouts/application
  Rendered events/new.html.erb within layouts/application (2.1ms)
Completed 200 OK in 41ms (Views: 36.4ms | ActiveRecord: 0.4ms)


Started GET "/events/new" for 127.0.0.1 at 2017-05-31 10:56:56 -0400
Processing by EventsController#new as HTML
  [1m[36mUser Load (0.5ms)[0m  [1m[34mSELECT  "users".* FROM "users" WHERE "users"."id" = $1 LIMIT $2[0m  [["id", 3], ["LIMIT", 1]]
  Rendering events/new.html.erb within layouts/application
  Rendered events/new.html.erb within layouts/application (3.3ms)
Completed 200 OK in 57ms (Views: 50.8ms | ActiveRecord: 0.5ms)


Started GET "/events/new" for 127.0.0.1 at 2017-05-31 10:57:02 -0400
Processing by EventsController#new as HTML
  [1m[36mUser Load (0.4ms)[0m  [1m[34mSELECT  "users".* FROM "users" WHERE "users"."id" = $1 LIMIT $2[0m  [["id", 3], ["LIMIT", 1]]
  Rendering events/new.html.erb within layouts/application
  Rendered events/new.html.erb within layouts/application (2.4ms)
Completed 200 OK in 44ms (Views: 39.1ms | ActiveRecord: 0.4ms)


Started GET "/events/new" for 127.0.0.1 at 2017-05-31 11:05:03 -0400
Processing by EventsController#new as HTML
  [1m[36mUser Load (0.6ms)[0m  [1m[34mSELECT  "users".* FROM "users" WHERE "users"."id" = $1 LIMIT $2[0m  [["id", 3], ["LIMIT", 1]]
  Rendering events/new.html.erb within layouts/application
  Rendered events/new.html.erb within layouts/application (271.5ms)
Completed 500 Internal Server Error in 316ms (ActiveRecord: 10.8ms)


  
ActionView::Template::Error (undefined local variable or method `locations' for #<#<Class:0x007fd473e23638>:0x007fd473e223c8>
Did you mean?  localize):
    17: <br>
    18: <br>
    19: <%= label_tag :locations %>
    20: <%= text_area_tag locations[:locations] %>
    21: <br>
    22: <br>
    23: <%= submit_tag "create event" %>
  
app/views/events/new.html.erb:20:in `block in _app_views_events_new_html_erb__2561438109511657477_70275227000780'
app/views/events/new.html.erb:2:in `_app_views_events_new_html_erb__2561438109511657477_70275227000780'
  Rendering /Users/terrancekoar/.rvm/gems/ruby-2.3.4/gems/actionpack-5.0.3/lib/action_dispatch/middleware/templates/rescues/template_error.html.erb within rescues/layout
  Rendering /Users/terrancekoar/.rvm/gems/ruby-2.3.4/gems/actionpack-5.0.3/lib/action_dispatch/middleware/templates/rescues/_source.html.erb
  Rendered /Users/terrancekoar/.rvm/gems/ruby-2.3.4/gems/actionpack-5.0.3/lib/action_dispatch/middleware/templates/rescues/_source.html.erb (5.8ms)
  Rendering /Users/terrancekoar/.rvm/gems/ruby-2.3.4/gems/actionpack-5.0.3/lib/action_dispatch/middleware/templates/rescues/_trace.html.erb
  Rendered /Users/terrancekoar/.rvm/gems/ruby-2.3.4/gems/actionpack-5.0.3/lib/action_dispatch/middleware/templates/rescues/_trace.html.erb (2.5ms)
  Rendering /Users/terrancekoar/.rvm/gems/ruby-2.3.4/gems/actionpack-5.0.3/lib/action_dispatch/middleware/templates/rescues/_request_and_response.html.erb
  Rendered /Users/terrancekoar/.rvm/gems/ruby-2.3.4/gems/actionpack-5.0.3/lib/action_dispatch/middleware/templates/rescues/_request_and_response.html.erb (1.7ms)
  Rendered /Users/terrancekoar/.rvm/gems/ruby-2.3.4/gems/actionpack-5.0.3/lib/action_dispatch/middleware/templates/rescues/template_error.html.erb within rescues/layout (68.2ms)
Started GET "/events/new" for 127.0.0.1 at 2017-05-31 11:05:30 -0400
Processing by EventsController#new as HTML
  [1m[36mUser Load (0.2ms)[0m  [1m[34mSELECT  "users".* FROM "users" WHERE "users"."id" = $1 LIMIT $2[0m  [["id", 3], ["LIMIT", 1]]
  Rendering events/new.html.erb within layouts/application
  Rendered events/new.html.erb within layouts/application (227.1ms)
Completed 500 Internal Server Error in 238ms (ActiveRecord: 0.2ms)


  
ActionView::Template::Error (undefined local variable or method `locations' for #<#<Class:0x007fd473e23638>:0x007fd474592ea0>
Did you mean?  localize):
    17: <br>
    18: <br>
    19: <%= label_tag :locations %>
    20: <%= text_area_tag locations[:location] %>
    21: <br>
    22: <br>
    23: <%= submit_tag "create event" %>
  
app/views/events/new.html.erb:20:in `block in _app_views_events_new_html_erb__2561438109511657477_70275230899640'
app/views/events/new.html.erb:2:in `_app_views_events_new_html_erb__2561438109511657477_70275230899640'
  Rendering /Users/terrancekoar/.rvm/gems/ruby-2.3.4/gems/actionpack-5.0.3/lib/action_dispatch/middleware/templates/rescues/template_error.html.erb within rescues/layout
  Rendering /Users/terrancekoar/.rvm/gems/ruby-2.3.4/gems/actionpack-5.0.3/lib/action_dispatch/middleware/templates/rescues/_source.html.erb
  Rendered /Users/terrancekoar/.rvm/gems/ruby-2.3.4/gems/actionpack-5.0.3/lib/action_dispatch/middleware/templates/rescues/_source.html.erb (3.7ms)
  Rendering /Users/terrancekoar/.rvm/gems/ruby-2.3.4/gems/actionpack-5.0.3/lib/action_dispatch/middleware/templates/rescues/_trace.html.erb
  Rendered /Users/terrancekoar/.rvm/gems/ruby-2.3.4/gems/actionpack-5.0.3/lib/action_dispatch/middleware/templates/rescues/_trace.html.erb (1.9ms)
  Rendering /Users/terrancekoar/.rvm/gems/ruby-2.3.4/gems/actionpack-5.0.3/lib/action_dispatch/middleware/templates/rescues/_request_and_response.html.erb
  Rendered /Users/terrancekoar/.rvm/gems/ruby-2.3.4/gems/actionpack-5.0.3/lib/action_dispatch/middleware/templates/rescues/_request_and_response.html.erb (0.9ms)
  Rendered /Users/terrancekoar/.rvm/gems/ruby-2.3.4/gems/actionpack-5.0.3/lib/action_dispatch/middleware/templates/rescues/template_error.html.erb within rescues/layout (63.0ms)
Started GET "/events/new" for 127.0.0.1 at 2017-05-31 11:05:40 -0400
Processing by EventsController#new as HTML
  [1m[36mUser Load (0.4ms)[0m  [1m[34mSELECT  "users".* FROM "users" WHERE "users"."id" = $1 LIMIT $2[0m  [["id", 3], ["LIMIT", 1]]
  Rendering events/new.html.erb within layouts/application
  Rendered events/new.html.erb within layouts/application (213.6ms)
Completed 500 Internal Server Error in 225ms (ActiveRecord: 0.4ms)


  
ActionView::Template::Error (undefined local variable or method `location' for #<#<Class:0x007fd473e23638>:0x007fd472e19c10>
Did you mean?  localize):
    17: <br>
    18: <br>
    19: <%= label_tag :locations %>
    20: <%= text_area_tag location[:locations] %>
    21: <br>
    22: <br>
    23: <%= submit_tag "create event" %>
  
app/views/events/new.html.erb:20:in `block in _app_views_events_new_html_erb__2561438109511657477_70275218607840'
app/views/events/new.html.erb:2:in `_app_views_events_new_html_erb__2561438109511657477_70275218607840'
  Rendering /Users/terrancekoar/.rvm/gems/ruby-2.3.4/gems/actionpack-5.0.3/lib/action_dispatch/middleware/templates/rescues/template_error.html.erb within rescues/layout
  Rendering /Users/terrancekoar/.rvm/gems/ruby-2.3.4/gems/actionpack-5.0.3/lib/action_dispatch/middleware/templates/rescues/_source.html.erb
  Rendered /Users/terrancekoar/.rvm/gems/ruby-2.3.4/gems/actionpack-5.0.3/lib/action_dispatch/middleware/templates/rescues/_source.html.erb (3.7ms)
  Rendering /Users/terrancekoar/.rvm/gems/ruby-2.3.4/gems/actionpack-5.0.3/lib/action_dispatch/middleware/templates/rescues/_trace.html.erb
  Rendered /Users/terrancekoar/.rvm/gems/ruby-2.3.4/gems/actionpack-5.0.3/lib/action_dispatch/middleware/templates/rescues/_trace.html.erb (1.6ms)
  Rendering /Users/terrancekoar/.rvm/gems/ruby-2.3.4/gems/actionpack-5.0.3/lib/action_dispatch/middleware/templates/rescues/_request_and_response.html.erb
  Rendered /Users/terrancekoar/.rvm/gems/ruby-2.3.4/gems/actionpack-5.0.3/lib/action_dispatch/middleware/templates/rescues/_request_and_response.html.erb (1.1ms)
  Rendered /Users/terrancekoar/.rvm/gems/ruby-2.3.4/gems/actionpack-5.0.3/lib/action_dispatch/middleware/templates/rescues/template_error.html.erb within rescues/layout (63.4ms)
Started GET "/events/new" for 127.0.0.1 at 2017-05-31 11:06:18 -0400
Processing by EventsController#new as HTML
  [1m[36mUser Load (0.3ms)[0m  [1m[34mSELECT  "users".* FROM "users" WHERE "users"."id" = $1 LIMIT $2[0m  [["id", 3], ["LIMIT", 1]]
  Rendering events/new.html.erb within layouts/application
  Rendered events/new.html.erb within layouts/application (211.3ms)
Completed 500 Internal Server Error in 221ms (ActiveRecord: 0.3ms)


  
ActionView::Template::Error (undefined local variable or method `locations' for #<#<Class:0x007fd473e23638>:0x007fd4792307a8>
Did you mean?  localize):
    17: <br>
    18: <br>
    19: <%= label_tag :locations %>
    20: <%= text_area_tag locations[:locations] %>
    21: <br>
    22: <br>
    23: <%= submit_tag "create event" %>
  
app/views/events/new.html.erb:20:in `block in _app_views_events_new_html_erb__2561438109511657477_70275271067880'
app/views/events/new.html.erb:2:in `_app_views_events_new_html_erb__2561438109511657477_70275271067880'
  Rendering /Users/terrancekoar/.rvm/gems/ruby-2.3.4/gems/actionpack-5.0.3/lib/action_dispatch/middleware/templates/rescues/template_error.html.erb within rescues/layout
  Rendering /Users/terrancekoar/.rvm/gems/ruby-2.3.4/gems/actionpack-5.0.3/lib/action_dispatch/middleware/templates/rescues/_source.html.erb
  Rendered /Users/terrancekoar/.rvm/gems/ruby-2.3.4/gems/actionpack-5.0.3/lib/action_dispatch/middleware/templates/rescues/_source.html.erb (10.0ms)
  Rendering /Users/terrancekoar/.rvm/gems/ruby-2.3.4/gems/actionpack-5.0.3/lib/action_dispatch/middleware/templates/rescues/_trace.html.erb
  Rendered /Users/terrancekoar/.rvm/gems/ruby-2.3.4/gems/actionpack-5.0.3/lib/action_dispatch/middleware/templates/rescues/_trace.html.erb (2.3ms)
  Rendering /Users/terrancekoar/.rvm/gems/ruby-2.3.4/gems/actionpack-5.0.3/lib/action_dispatch/middleware/templates/rescues/_request_and_response.html.erb
  Rendered /Users/terrancekoar/.rvm/gems/ruby-2.3.4/gems/actionpack-5.0.3/lib/action_dispatch/middleware/templates/rescues/_request_and_response.html.erb (0.8ms)
  Rendered /Users/terrancekoar/.rvm/gems/ruby-2.3.4/gems/actionpack-5.0.3/lib/action_dispatch/middleware/templates/rescues/template_error.html.erb within rescues/layout (67.3ms)
Started GET "/events/new" for 127.0.0.1 at 2017-05-31 11:19:02 -0400
Processing by EventsController#new as HTML
  [1m[36mUser Load (0.7ms)[0m  [1m[34mSELECT  "users".* FROM "users" WHERE "users"."id" = $1 LIMIT $2[0m  [["id", 3], ["LIMIT", 1]]
  Rendering events/new.html.erb within layouts/application
  Rendered events/new.html.erb within layouts/application (19.0ms)
Completed 200 OK in 90ms (Views: 78.8ms | ActiveRecord: 0.7ms)


Started GET "/events/new" for 127.0.0.1 at 2017-05-31 11:19:12 -0400
Processing by EventsController#new as HTML
  [1m[36mUser Load (0.4ms)[0m  [1m[34mSELECT  "users".* FROM "users" WHERE "users"."id" = $1 LIMIT $2[0m  [["id", 3], ["LIMIT", 1]]
  Rendering events/new.html.erb within layouts/application
  Rendered events/new.html.erb within layouts/application (5.5ms)
Completed 200 OK in 46ms (Views: 40.0ms | ActiveRecord: 0.4ms)


Started POST "/events" for 127.0.0.1 at 2017-05-31 11:20:49 -0400
Processing by EventsController#create as HTML
  Parameters: {"utf8"=>"✓", "authenticity_token"=>"ynFKp2CTa2DFWQS6OoAY2X4Wrt0oflUjStv8NlveSpQgac8AXRLHhT6vNtuMjBBvRP7lNVt/U0fR9A+F3Ip1xA==", "event"=>{"title"=>"poop", "address"=>"123 poop cirlce, pooptown, ME, 80085", "start_date"=>"2017-06-07T01:00", "end_date"=>"2017-06-14T01:00", "locations"=>{"locations"=>"dog, cat, flatiron"}}, "commit"=>"Create Event"}
  [1m[36mUser Load (0.4ms)[0m  [1m[34mSELECT  "users".* FROM "users" WHERE "users"."id" = $1 LIMIT $2[0m  [["id", 3], ["LIMIT", 1]]
Unpermitted parameter: locations
  [1m[35m (0.2ms)[0m  [1m[35mBEGIN[0m
  [1m[35mSQL (8.0ms)[0m  [1m[32mINSERT INTO "events" ("title", "address", "start_date", "end_date", "created_at", "updated_at") VALUES ($1, $2, $3, $4, $5, $6) RETURNING "id"[0m  [["title", "poop"], ["address", "123 poop cirlce, pooptown, ME, 80085"], ["start_date", "2017-06-07 01:00:00"], ["end_date", "2017-06-14 01:00:00"], ["created_at", "2017-05-31 15:20:49.606609"], ["updated_at", "2017-05-31 15:20:49.606609"]]
  [1m[35m (1.0ms)[0m  [1m[35mCOMMIT[0m
Redirected to http://localhost:3000/events/1
Completed 302 Found in 28ms (ActiveRecord: 9.5ms)


Started GET "/events/1" for 127.0.0.1 at 2017-05-31 11:20:49 -0400
Processing by EventsController#show as HTML
  Parameters: {"id"=>"1"}
  [1m[36mUser Load (0.3ms)[0m  [1m[34mSELECT  "users".* FROM "users" WHERE "users"."id" = $1 LIMIT $2[0m  [["id", 3], ["LIMIT", 1]]
  [1m[36mEvent Load (0.8ms)[0m  [1m[34mSELECT  "events".* FROM "events" WHERE "events"."id" = $1 LIMIT $2[0m  [["id", 1], ["LIMIT", 1]]
  Rendering events/show.html.erb within layouts/application
  Rendered events/show.html.erb within layouts/application (0.6ms)
Completed 200 OK in 34ms (Views: 25.9ms | ActiveRecord: 1.0ms)


Started POST "/events" for 127.0.0.1 at 2017-05-31 11:22:24 -0400
Processing by EventsController#create as HTML
  Parameters: {"utf8"=>"✓", "authenticity_token"=>"ynFKp2CTa2DFWQS6OoAY2X4Wrt0oflUjStv8NlveSpQgac8AXRLHhT6vNtuMjBBvRP7lNVt/U0fR9A+F3Ip1xA==", "event"=>{"title"=>"poop2", "address"=>"123 poop cirlce, pooptown, ME, 80085", "start_date"=>"2017-06-07T01:00", "end_date"=>"2017-06-14T01:00", "locations"=>{"locations"=>"dog, cat, flatiron"}}, "commit"=>"Create Event"}
  [1m[36mUser Load (0.2ms)[0m  [1m[34mSELECT  "users".* FROM "users" WHERE "users"."id" = $1 LIMIT $2[0m  [["id", 3], ["LIMIT", 1]]
Unpermitted parameter: locations
  [1m[35m (1.0ms)[0m  [1m[35mBEGIN[0m
  [1m[35mSQL (0.5ms)[0m  [1m[32mINSERT INTO "events" ("title", "address", "start_date", "end_date", "created_at", "updated_at") VALUES ($1, $2, $3, $4, $5, $6) RETURNING "id"[0m  [["title", "poop2"], ["address", "123 poop cirlce, pooptown, ME, 80085"], ["start_date", "2017-06-07 01:00:00"], ["end_date", "2017-06-14 01:00:00"], ["created_at", "2017-05-31 15:22:24.665092"], ["updated_at", "2017-05-31 15:22:24.665092"]]
  [1m[35m (0.6ms)[0m  [1m[35mCOMMIT[0m
Redirected to http://localhost:3000/events/2
Completed 302 Found in 64ms (ActiveRecord: 14.6ms)


Started GET "/events/2" for 127.0.0.1 at 2017-05-31 11:22:24 -0400
Processing by EventsController#show as HTML
  Parameters: {"id"=>"2"}
  [1m[36mUser Load (0.3ms)[0m  [1m[34mSELECT  "users".* FROM "users" WHERE "users"."id" = $1 LIMIT $2[0m  [["id", 3], ["LIMIT", 1]]
  [1m[36mEvent Load (0.4ms)[0m  [1m[34mSELECT  "events".* FROM "events" WHERE "events"."id" = $1 LIMIT $2[0m  [["id", 2], ["LIMIT", 1]]
  Rendering events/show.html.erb within layouts/application
  Rendered events/show.html.erb within layouts/application (0.5ms)
Completed 200 OK in 47ms (Views: 40.1ms | ActiveRecord: 0.7ms)


Started POST "/events" for 127.0.0.1 at 2017-05-31 11:22:51 -0400
Processing by EventsController#create as HTML
  Parameters: {"utf8"=>"✓", "authenticity_token"=>"ynFKp2CTa2DFWQS6OoAY2X4Wrt0oflUjStv8NlveSpQgac8AXRLHhT6vNtuMjBBvRP7lNVt/U0fR9A+F3Ip1xA==", "event"=>{"title"=>"poop3", "address"=>"123 poop cirlce, pooptown, ME, 80085", "start_date"=>"2017-06-07T01:00", "end_date"=>"2017-06-14T01:00", "locations"=>{"locations"=>"dog, cat, flatiron"}}, "commit"=>"Create Event"}
  [1m[36mUser Load (0.2ms)[0m  [1m[34mSELECT  "users".* FROM "users" WHERE "users"."id" = $1 LIMIT $2[0m  [["id", 3], ["LIMIT", 1]]
Unpermitted parameter: locations
  [1m[35m (0.2ms)[0m  [1m[35mBEGIN[0m
  [1m[35mSQL (0.5ms)[0m  [1m[32mINSERT INTO "events" ("title", "address", "start_date", "end_date", "created_at", "updated_at") VALUES ($1, $2, $3, $4, $5, $6) RETURNING "id"[0m  [["title", "poop3"], ["address", "123 poop cirlce, pooptown, ME, 80085"], ["start_date", "2017-06-07 01:00:00"], ["end_date", "2017-06-14 01:00:00"], ["created_at", "2017-05-31 15:22:51.929120"], ["updated_at", "2017-05-31 15:22:51.929120"]]
  [1m[35m (0.6ms)[0m  [1m[35mCOMMIT[0m
Completed 500 Internal Server Error in 141626ms (ActiveRecord: 17.4ms)


  
SystemExit (exit):
  
app/controllers/events_controller.rb:19:in `create'
  Rendering /Users/terrancekoar/.rvm/gems/ruby-2.3.4/gems/actionpack-5.0.3/lib/action_dispatch/middleware/templates/rescues/diagnostics.html.erb within rescues/layout
  Rendering /Users/terrancekoar/.rvm/gems/ruby-2.3.4/gems/actionpack-5.0.3/lib/action_dispatch/middleware/templates/rescues/_source.html.erb
  Rendered /Users/terrancekoar/.rvm/gems/ruby-2.3.4/gems/actionpack-5.0.3/lib/action_dispatch/middleware/templates/rescues/_source.html.erb (187.2ms)
  Rendering /Users/terrancekoar/.rvm/gems/ruby-2.3.4/gems/actionpack-5.0.3/lib/action_dispatch/middleware/templates/rescues/_trace.html.erb
  Rendered /Users/terrancekoar/.rvm/gems/ruby-2.3.4/gems/actionpack-5.0.3/lib/action_dispatch/middleware/templates/rescues/_trace.html.erb (49.8ms)
  Rendering /Users/terrancekoar/.rvm/gems/ruby-2.3.4/gems/actionpack-5.0.3/lib/action_dispatch/middleware/templates/rescues/_request_and_response.html.erb
  Rendered /Users/terrancekoar/.rvm/gems/ruby-2.3.4/gems/actionpack-5.0.3/lib/action_dispatch/middleware/templates/rescues/_request_and_response.html.erb (50.1ms)
  Rendered /Users/terrancekoar/.rvm/gems/ruby-2.3.4/gems/actionpack-5.0.3/lib/action_dispatch/middleware/templates/rescues/diagnostics.html.erb within rescues/layout (378.4ms)
Started GET "/users/new" for 127.0.0.1 at 2017-05-31 11:25:24 -0400
Processing by UsersController#new as HTML
  Rendering users/new.html.erb within layouts/application
  Rendered users/new.html.erb within layouts/application (118.9ms)
  [1m[36mUser Load (0.7ms)[0m  [1m[34mSELECT  "users".* FROM "users" WHERE "users"."id" = $1 LIMIT $2[0m  [["id", 3], ["LIMIT", 1]]
Completed 200 OK in 876ms (Views: 844.7ms | ActiveRecord: 0.7ms)


Started DELETE "/signout" for 127.0.0.1 at 2017-05-31 11:25:28 -0400
Processing by SessionsController#destroy as HTML
  Parameters: {"authenticity_token"=>"AQxVuUzY2oKxGp8hEOajtdpVwNqbX30vGLa0rFgIYhfrFNAecVl2Z0rsrUCm6qsD4L2LMuhee0uDmUcf31xdRw=="}
Redirected to http://localhost:3000/
Completed 302 Found in 27ms (ActiveRecord: 0.0ms)


Started GET "/" for 127.0.0.1 at 2017-05-31 11:25:28 -0400
Processing by ApplicationController#home as HTML
  Rendering application/home.html.erb within layouts/application
  Rendered application/home.html.erb within layouts/application (2.6ms)
Completed 200 OK in 616ms (Views: 592.5ms | ActiveRecord: 0.0ms)


Started GET "/users/new" for 127.0.0.1 at 2017-05-31 11:25:34 -0400
Processing by UsersController#new as HTML
  Rendering users/new.html.erb within layouts/application
  Rendered users/new.html.erb within layouts/application (77.5ms)
Completed 200 OK in 566ms (Views: 543.2ms | ActiveRecord: 0.0ms)


Started POST "/users" for 127.0.0.1 at 2017-05-31 11:26:17 -0400
Processing by UsersController#create as HTML
  Parameters: {"utf8"=>"✓", "authenticity_token"=>"oUuEIu1NQMqd3AlCi1LkE1m5zaLP+OoV1/32Znq49KdLUwGF0MzsL2YqOyM9XuylY1GGSrz57HFM0gXV/ezL9w==", "user"=>{"name"=>"noah", "email"=>"noah@taskr.com", "manager"=>"1", "password"=>"[FILTERED]", "password_confirmation"=>"[FILTERED]", "phone"=>"10293834756"}, "commit"=>"Will self into existence"}
Completed 500 Internal Server Error in 15004ms (ActiveRecord: 0.0ms)


  
SystemExit (exit):
  
app/controllers/users_controller.rb:15:in `create'
  Rendering /Users/terrancekoar/.rvm/gems/ruby-2.3.4/gems/actionpack-5.0.3/lib/action_dispatch/middleware/templates/rescues/diagnostics.html.erb within rescues/layout
  Rendering /Users/terrancekoar/.rvm/gems/ruby-2.3.4/gems/actionpack-5.0.3/lib/action_dispatch/middleware/templates/rescues/_source.html.erb
  Rendered /Users/terrancekoar/.rvm/gems/ruby-2.3.4/gems/actionpack-5.0.3/lib/action_dispatch/middleware/templates/rescues/_source.html.erb (620.0ms)
  Rendering /Users/terrancekoar/.rvm/gems/ruby-2.3.4/gems/actionpack-5.0.3/lib/action_dispatch/middleware/templates/rescues/_trace.html.erb
  Rendered /Users/terrancekoar/.rvm/gems/ruby-2.3.4/gems/actionpack-5.0.3/lib/action_dispatch/middleware/templates/rescues/_trace.html.erb (107.9ms)
  Rendering /Users/terrancekoar/.rvm/gems/ruby-2.3.4/gems/actionpack-5.0.3/lib/action_dispatch/middleware/templates/rescues/_request_and_response.html.erb
  Rendered /Users/terrancekoar/.rvm/gems/ruby-2.3.4/gems/actionpack-5.0.3/lib/action_dispatch/middleware/templates/rescues/_request_and_response.html.erb (61.1ms)
  Rendered /Users/terrancekoar/.rvm/gems/ruby-2.3.4/gems/actionpack-5.0.3/lib/action_dispatch/middleware/templates/rescues/diagnostics.html.erb within rescues/layout (916.6ms)
Started GET "/" for 127.0.0.1 at 2017-05-31 11:28:17 -0400
Processing by ApplicationController#home as HTML
  Rendering application/home.html.erb within layouts/application
  Rendered application/home.html.erb within layouts/application (2.9ms)
Completed 200 OK in 650ms (Views: 620.9ms | ActiveRecord: 0.0ms)


Started GET "/signin" for 127.0.0.1 at 2017-05-31 11:28:21 -0400
Processing by SessionsController#new as HTML
  Rendering sessions/new.html.erb within layouts/application
  Rendered sessions/new.html.erb within layouts/application (17.8ms)
Completed 200 OK in 669ms (Views: 632.6ms | ActiveRecord: 0.0ms)


Started POST "/signin" for 127.0.0.1 at 2017-05-31 11:28:37 -0400
Processing by SessionsController#create as HTML
  Parameters: {"utf8"=>"✓", "authenticity_token"=>"ES0QGWsytBh+Ef157mzKrHeJCSwQnvdBkSSF6Wd6u/5Ejn3Cwaavy/6/kYE6Fl73+GZW3cxmnk+MEkYQc1r0nw==", "email"=>"terrance@taskr.com", "password"=>"[FILTERED]", "commit"=>"ENTAH"}
  [1m[36mUser Load (0.8ms)[0m  [1m[34mSELECT  "users".* FROM "users" WHERE "users"."email" = $1 LIMIT $2[0m  [["email", "terrance@taskr.com"], ["LIMIT", 1]]
Redirected to http://localhost:3000/users/3
Completed 302 Found in 228ms (ActiveRecord: 0.8ms)


Started GET "/users/3" for 127.0.0.1 at 2017-05-31 11:28:37 -0400
Processing by UsersController#show as HTML
  Parameters: {"id"=>"3"}
  [1m[36mUser Load (9.4ms)[0m  [1m[34mSELECT  "users".* FROM "users" WHERE "users"."id" = $1 LIMIT $2[0m  [["id", 3], ["LIMIT", 1]]
  [1m[36mUser Load (1.1ms)[0m  [1m[34mSELECT  "users".* FROM "users" WHERE "users"."id" = $1 LIMIT $2[0m  [["id", 3], ["LIMIT", 1]]
  Rendering users/show.html.erb within layouts/application
  Rendered users/show.html.erb within layouts/application (2.7ms)
Completed 200 OK in 905ms (Views: 815.8ms | ActiveRecord: 10.4ms)


Started GET "/events" for 127.0.0.1 at 2017-05-31 11:28:43 -0400
Processing by EventsController#index as HTML
  Rendering events/index.html.erb within layouts/application
  Rendered events/index.html.erb within layouts/application (7.1ms)
  [1m[36mUser Load (0.8ms)[0m  [1m[34mSELECT  "users".* FROM "users" WHERE "users"."id" = $1 LIMIT $2[0m  [["id", 3], ["LIMIT", 1]]
Completed 200 OK in 898ms (Views: 760.3ms | ActiveRecord: 0.8ms)


Started GET "/events/new" for 127.0.0.1 at 2017-05-31 11:28:47 -0400
Processing by EventsController#new as HTML
  [1m[36mUser Load (0.7ms)[0m  [1m[34mSELECT  "users".* FROM "users" WHERE "users"."id" = $1 LIMIT $2[0m  [["id", 3], ["LIMIT", 1]]
  Rendering events/new.html.erb within layouts/application
  Rendered events/new.html.erb within layouts/application (107.3ms)
Completed 200 OK in 840ms (Views: 698.1ms | ActiveRecord: 9.7ms)


Started POST "/events" for 127.0.0.1 at 2017-05-31 11:30:01 -0400
Processing by EventsController#create as HTML
  Parameters: {"utf8"=>"✓", "authenticity_token"=>"389RKbfrybY09I2hZtdj5MfPpId5G9LbX/ueyVZFX9A119SOimplU88Cv8DQ22tS/Sfvbwoa1L/E1G160RFggA==", "event"=>{"title"=>"test", "address"=>"test drive, testtown, TS, 10009", "start_date"=>"2017-06-01T01:00", "end_date"=>"2017-06-02T01:00", "locations"=>{"locations"=>"dog, flatiron, cat"}}, "commit"=>"Create Event"}
  [1m[36mUser Load (0.6ms)[0m  [1m[34mSELECT  "users".* FROM "users" WHERE "users"."id" = $1 LIMIT $2[0m  [["id", 3], ["LIMIT", 1]]
Unpermitted parameter: locations
  [1m[35m (0.5ms)[0m  [1m[35mBEGIN[0m
  [1m[35mSQL (0.8ms)[0m  [1m[32mINSERT INTO "events" ("title", "address", "start_date", "end_date", "created_at", "updated_at") VALUES ($1, $2, $3, $4, $5, $6) RETURNING "id"[0m  [["title", "test"], ["address", "test drive, testtown, TS, 10009"], ["start_date", "2017-06-01 01:00:00"], ["end_date", "2017-06-02 01:00:00"], ["created_at", "2017-05-31 15:30:01.402391"], ["updated_at", "2017-05-31 15:30:01.402391"]]
  [1m[35m (2.2ms)[0m  [1m[35mCOMMIT[0m
Redirected to http://localhost:3000/events/4
Unpermitted parameter: locations
Completed 302 Found in 155ms (ActiveRecord: 4.1ms)


Started GET "/events/4" for 127.0.0.1 at 2017-05-31 11:30:01 -0400
Processing by EventsController#show as HTML
  Parameters: {"id"=>"4"}
  [1m[36mUser Load (2.1ms)[0m  [1m[34mSELECT  "users".* FROM "users" WHERE "users"."id" = $1 LIMIT $2[0m  [["id", 3], ["LIMIT", 1]]
  [1m[36mEvent Load (0.8ms)[0m  [1m[34mSELECT  "events".* FROM "events" WHERE "events"."id" = $1 LIMIT $2[0m  [["id", 4], ["LIMIT", 1]]
  Rendering events/show.html.erb within layouts/application
  Rendered events/show.html.erb within layouts/application (10.8ms)
Completed 200 OK in 819ms (Views: 689.0ms | ActiveRecord: 2.9ms)


Started POST "/events" for 127.0.0.1 at 2017-05-31 11:30:38 -0400
Processing by EventsController#create as HTML
  Parameters: {"utf8"=>"✓", "authenticity_token"=>"389RKbfrybY09I2hZtdj5MfPpId5G9LbX/ueyVZFX9A119SOimplU88Cv8DQ22tS/Sfvbwoa1L/E1G160RFggA==", "event"=>{"title"=>"test2", "address"=>"test drive, testtown, TS, 10009", "start_date"=>"2017-06-01T01:00", "end_date"=>"2017-06-02T01:00", "locations"=>{"locations"=>"dog, flatiron, cat"}}, "commit"=>"Create Event"}
  [1m[36mUser Load (0.6ms)[0m  [1m[34mSELECT  "users".* FROM "users" WHERE "users"."id" = $1 LIMIT $2[0m  [["id", 3], ["LIMIT", 1]]
Unpermitted parameter: locations
  [1m[35m (0.6ms)[0m  [1m[35mBEGIN[0m
  [1m[35mSQL (0.9ms)[0m  [1m[32mINSERT INTO "events" ("title", "address", "start_date", "end_date", "created_at", "updated_at") VALUES ($1, $2, $3, $4, $5, $6) RETURNING "id"[0m  [["title", "test2"], ["address", "test drive, testtown, TS, 10009"], ["start_date", "2017-06-01 01:00:00"], ["end_date", "2017-06-02 01:00:00"], ["created_at", "2017-05-31 15:30:40.839551"], ["updated_at", "2017-05-31 15:30:40.839551"]]
  [1m[35m (2.0ms)[0m  [1m[35mCOMMIT[0m
Redirected to http://localhost:3000/events/5
Completed 500 Internal Server Error in 14849ms (ActiveRecord: 20.8ms)


  
SystemExit (exit):
  
app/controllers/events_controller.rb:25:in `create'
  Rendering /Users/terrancekoar/.rvm/gems/ruby-2.3.4/gems/actionpack-5.0.3/lib/action_dispatch/middleware/templates/rescues/diagnostics.html.erb within rescues/layout
  Rendering /Users/terrancekoar/.rvm/gems/ruby-2.3.4/gems/actionpack-5.0.3/lib/action_dispatch/middleware/templates/rescues/_source.html.erb
  Rendered /Users/terrancekoar/.rvm/gems/ruby-2.3.4/gems/actionpack-5.0.3/lib/action_dispatch/middleware/templates/rescues/_source.html.erb (440.9ms)
  Rendering /Users/terrancekoar/.rvm/gems/ruby-2.3.4/gems/actionpack-5.0.3/lib/action_dispatch/middleware/templates/rescues/_trace.html.erb
  Rendered /Users/terrancekoar/.rvm/gems/ruby-2.3.4/gems/actionpack-5.0.3/lib/action_dispatch/middleware/templates/rescues/_trace.html.erb (102.2ms)
  Rendering /Users/terrancekoar/.rvm/gems/ruby-2.3.4/gems/actionpack-5.0.3/lib/action_dispatch/middleware/templates/rescues/_request_and_response.html.erb
  Rendered /Users/terrancekoar/.rvm/gems/ruby-2.3.4/gems/actionpack-5.0.3/lib/action_dispatch/middleware/templates/rescues/_request_and_response.html.erb (62.1ms)
  Rendered /Users/terrancekoar/.rvm/gems/ruby-2.3.4/gems/actionpack-5.0.3/lib/action_dispatch/middleware/templates/rescues/diagnostics.html.erb within rescues/layout (698.7ms)
Started POST "/events" for 127.0.0.1 at 2017-05-31 11:31:20 -0400
Processing by EventsController#create as HTML
  Parameters: {"utf8"=>"✓", "authenticity_token"=>"389RKbfrybY09I2hZtdj5MfPpId5G9LbX/ueyVZFX9A119SOimplU88Cv8DQ22tS/Sfvbwoa1L/E1G160RFggA==", "event"=>{"title"=>"test3", "address"=>"test drive, testtown, TS, 10009", "start_date"=>"2017-06-01T01:00", "end_date"=>"2017-06-02T01:00", "locations"=>{"locations"=>"dog, flatiron, cat"}}, "commit"=>"Create Event"}
  [1m[36mUser Load (0.6ms)[0m  [1m[34mSELECT  "users".* FROM "users" WHERE "users"."id" = $1 LIMIT $2[0m  [["id", 3], ["LIMIT", 1]]
Unpermitted parameter: locations
  [1m[35m (0.7ms)[0m  [1m[35mBEGIN[0m
  [1m[35mSQL (0.9ms)[0m  [1m[32mINSERT INTO "events" ("title", "address", "start_date", "end_date", "created_at", "updated_at") VALUES ($1, $2, $3, $4, $5, $6) RETURNING "id"[0m  [["title", "test3"], ["address", "test drive, testtown, TS, 10009"], ["start_date", "2017-06-01 01:00:00"], ["end_date", "2017-06-02 01:00:00"], ["created_at", "2017-05-31 15:31:20.484844"], ["updated_at", "2017-05-31 15:31:20.484844"]]
  [1m[35m (2.3ms)[0m  [1m[35mCOMMIT[0m
Redirected to http://localhost:3000/events/6
Completed 500 Internal Server Error in 248188ms (ActiveRecord: 4.5ms)


  
SystemExit (exit):
  
app/controllers/events_controller.rb:25:in `create'
  Rendering /Users/terrancekoar/.rvm/gems/ruby-2.3.4/gems/actionpack-5.0.3/lib/action_dispatch/middleware/templates/rescues/diagnostics.html.erb within rescues/layout
  Rendering /Users/terrancekoar/.rvm/gems/ruby-2.3.4/gems/actionpack-5.0.3/lib/action_dispatch/middleware/templates/rescues/_source.html.erb
  Rendered /Users/terrancekoar/.rvm/gems/ruby-2.3.4/gems/actionpack-5.0.3/lib/action_dispatch/middleware/templates/rescues/_source.html.erb (424.1ms)
  Rendering /Users/terrancekoar/.rvm/gems/ruby-2.3.4/gems/actionpack-5.0.3/lib/action_dispatch/middleware/templates/rescues/_trace.html.erb
  Rendered /Users/terrancekoar/.rvm/gems/ruby-2.3.4/gems/actionpack-5.0.3/lib/action_dispatch/middleware/templates/rescues/_trace.html.erb (107.9ms)
  Rendering /Users/terrancekoar/.rvm/gems/ruby-2.3.4/gems/actionpack-5.0.3/lib/action_dispatch/middleware/templates/rescues/_request_and_response.html.erb
  Rendered /Users/terrancekoar/.rvm/gems/ruby-2.3.4/gems/actionpack-5.0.3/lib/action_dispatch/middleware/templates/rescues/_request_and_response.html.erb (68.6ms)
  Rendered /Users/terrancekoar/.rvm/gems/ruby-2.3.4/gems/actionpack-5.0.3/lib/action_dispatch/middleware/templates/rescues/diagnostics.html.erb within rescues/layout (724.4ms)
Started POST "/events" for 127.0.0.1 at 2017-05-31 11:35:46 -0400
Processing by EventsController#create as HTML
  Parameters: {"utf8"=>"✓", "authenticity_token"=>"389RKbfrybY09I2hZtdj5MfPpId5G9LbX/ueyVZFX9A119SOimplU88Cv8DQ22tS/Sfvbwoa1L/E1G160RFggA==", "event"=>{"title"=>"test4", "address"=>"test drive, testtown, TS, 10009", "start_date"=>"2017-06-01T01:00", "end_date"=>"2017-06-02T01:00", "locations"=>{"locations"=>"dog, flatiron, cat"}}, "commit"=>"Create Event"}
  [1m[36mUser Load (0.6ms)[0m  [1m[34mSELECT  "users".* FROM "users" WHERE "users"."id" = $1 LIMIT $2[0m  [["id", 3], ["LIMIT", 1]]
Unpermitted parameter: locations
  [1m[35m (0.5ms)[0m  [1m[35mBEGIN[0m
  [1m[35mSQL (1.3ms)[0m  [1m[32mINSERT INTO "events" ("title", "address", "start_date", "end_date", "created_at", "updated_at") VALUES ($1, $2, $3, $4, $5, $6) RETURNING "id"[0m  [["title", "test4"], ["address", "test drive, testtown, TS, 10009"], ["start_date", "2017-06-01 01:00:00"], ["end_date", "2017-06-02 01:00:00"], ["created_at", "2017-05-31 15:35:48.581672"], ["updated_at", "2017-05-31 15:35:48.581672"]]
  [1m[35m (2.3ms)[0m  [1m[35mCOMMIT[0m
Redirected to http://localhost:3000/events/7
  [1m[35m (0.6ms)[0m  [1m[35mBEGIN[0m
  [1m[36mEvent Load (0.9ms)[0m  [1m[34mSELECT  "events".* FROM "events" WHERE "events"."id" = $1 LIMIT $2[0m  [["id", 7], ["LIMIT", 1]]
  [1m[35mSQL (5.3ms)[0m  [1m[32mINSERT INTO "locations" ("name", "event_id", "created_at", "updated_at") VALUES ($1, $2, $3, $4) RETURNING "id"[0m  [["name", "dog"], ["event_id", 7], ["created_at", "2017-05-31 15:35:49.015601"], ["updated_at", "2017-05-31 15:35:49.015601"]]
  [1m[35m (0.9ms)[0m  [1m[35mCOMMIT[0m
  [1m[35m (0.5ms)[0m  [1m[35mBEGIN[0m
  [1m[36mEvent Load (0.9ms)[0m  [1m[34mSELECT  "events".* FROM "events" WHERE "events"."id" = $1 LIMIT $2[0m  [["id", 7], ["LIMIT", 1]]
  [1m[35mSQL (0.7ms)[0m  [1m[32mINSERT INTO "locations" ("name", "event_id", "created_at", "updated_at") VALUES ($1, $2, $3, $4) RETURNING "id"[0m  [["name", "flatiron"], ["event_id", 7], ["created_at", "2017-05-31 15:35:49.101112"], ["updated_at", "2017-05-31 15:35:49.101112"]]
  [1m[35m (2.2ms)[0m  [1m[35mCOMMIT[0m
  [1m[35m (0.4ms)[0m  [1m[35mBEGIN[0m
  [1m[36mEvent Load (0.6ms)[0m  [1m[34mSELECT  "events".* FROM "events" WHERE "events"."id" = $1 LIMIT $2[0m  [["id", 7], ["LIMIT", 1]]
  [1m[35mSQL (0.7ms)[0m  [1m[32mINSERT INTO "locations" ("name", "event_id", "created_at", "updated_at") VALUES ($1, $2, $3, $4) RETURNING "id"[0m  [["name", "cat"], ["event_id", 7], ["created_at", "2017-05-31 15:35:49.163298"], ["updated_at", "2017-05-31 15:35:49.163298"]]
  [1m[35m (1.3ms)[0m  [1m[35mCOMMIT[0m
Completed 302 Found in 1039ms (ActiveRecord: 37.1ms)


Started GET "/events/7" for 127.0.0.1 at 2017-05-31 11:35:49 -0400
Processing by EventsController#show as HTML
  Parameters: {"id"=>"7"}
  [1m[36mUser Load (0.9ms)[0m  [1m[34mSELECT  "users".* FROM "users" WHERE "users"."id" = $1 LIMIT $2[0m  [["id", 3], ["LIMIT", 1]]
  [1m[36mEvent Load (0.8ms)[0m  [1m[34mSELECT  "events".* FROM "events" WHERE "events"."id" = $1 LIMIT $2[0m  [["id", 7], ["LIMIT", 1]]
  Rendering events/show.html.erb within layouts/application
  Rendered events/show.html.erb within layouts/application (2.8ms)
Completed 200 OK in 484ms (Views: 441.2ms | ActiveRecord: 1.8ms)


  [1m[36mLocation Load (0.8ms)[0m  [1m[34mSELECT "locations".* FROM "locations"[0m
  [1m[36mEvent Load (0.4ms)[0m  [1m[34mSELECT  "events".* FROM "events" WHERE "events"."id" = $1 LIMIT $2[0m  [["id", 7], ["LIMIT", 1]]
  [1m[36mLocation Load (0.3ms)[0m  [1m[34mSELECT "locations".* FROM "locations" WHERE "locations"."event_id" = $1[0m  [["event_id", 7]]
Started GET "/events/7" for 127.0.0.1 at 2017-05-31 11:42:00 -0400
Processing by EventsController#show as HTML
  Parameters: {"id"=>"7"}
  [1m[36mUser Load (0.5ms)[0m  [1m[34mSELECT  "users".* FROM "users" WHERE "users"."id" = $1 LIMIT $2[0m  [["id", 3], ["LIMIT", 1]]
  [1m[36mEvent Load (0.6ms)[0m  [1m[34mSELECT  "events".* FROM "events" WHERE "events"."id" = $1 LIMIT $2[0m  [["id", 7], ["LIMIT", 1]]
  Rendering events/show.html.erb within layouts/application
  Rendered events/show.html.erb within layouts/application (476.9ms)
Completed 500 Internal Server Error in 786ms (ActiveRecord: 11.8ms)


  
ActionView::Template::Error (undefined method `name' for #<Event:0x007fd47b2654b0>):
    1: <%= @event.name %>
    2: <% if !@event.locations.nil? %>
    3:   <ol>
    4:     <% @event.locations.each do |location| %>
  
app/views/events/show.html.erb:1:in `_app_views_events_show_html_erb__2991473517425897196_70275288605960'
  Rendering /Users/terrancekoar/.rvm/gems/ruby-2.3.4/gems/actionpack-5.0.3/lib/action_dispatch/middleware/templates/rescues/template_error.html.erb within rescues/layout
  Rendering /Users/terrancekoar/.rvm/gems/ruby-2.3.4/gems/actionpack-5.0.3/lib/action_dispatch/middleware/templates/rescues/_source.html.erb
  Rendered /Users/terrancekoar/.rvm/gems/ruby-2.3.4/gems/actionpack-5.0.3/lib/action_dispatch/middleware/templates/rescues/_source.html.erb (319.6ms)
  Rendering /Users/terrancekoar/.rvm/gems/ruby-2.3.4/gems/actionpack-5.0.3/lib/action_dispatch/middleware/templates/rescues/_trace.html.erb
  Rendered /Users/terrancekoar/.rvm/gems/ruby-2.3.4/gems/actionpack-5.0.3/lib/action_dispatch/middleware/templates/rescues/_trace.html.erb (72.1ms)
  Rendering /Users/terrancekoar/.rvm/gems/ruby-2.3.4/gems/actionpack-5.0.3/lib/action_dispatch/middleware/templates/rescues/_request_and_response.html.erb
  Rendered /Users/terrancekoar/.rvm/gems/ruby-2.3.4/gems/actionpack-5.0.3/lib/action_dispatch/middleware/templates/rescues/_request_and_response.html.erb (8.4ms)
  Rendered /Users/terrancekoar/.rvm/gems/ruby-2.3.4/gems/actionpack-5.0.3/lib/action_dispatch/middleware/templates/rescues/template_error.html.erb within rescues/layout (493.5ms)
Started GET "/events/7" for 127.0.0.1 at 2017-05-31 11:42:21 -0400
Processing by EventsController#show as HTML
  Parameters: {"id"=>"7"}
  [1m[36mUser Load (0.6ms)[0m  [1m[34mSELECT  "users".* FROM "users" WHERE "users"."id" = $1 LIMIT $2[0m  [["id", 3], ["LIMIT", 1]]
  [1m[36mEvent Load (0.9ms)[0m  [1m[34mSELECT  "events".* FROM "events" WHERE "events"."id" = $1 LIMIT $2[0m  [["id", 7], ["LIMIT", 1]]
  Rendering events/show.html.erb within layouts/application
  [1m[36mLocation Load (0.9ms)[0m  [1m[34mSELECT "locations".* FROM "locations" WHERE "locations"."event_id" = $1[0m  [["event_id", 7]]
  Rendered events/show.html.erb within layouts/application (157.5ms)
Completed 200 OK in 748ms (Views: 694.2ms | ActiveRecord: 8.7ms)


Started GET "/events/7" for 127.0.0.1 at 2017-05-31 11:43:03 -0400
Processing by EventsController#show as HTML
  Parameters: {"id"=>"7"}
  [1m[36mUser Load (0.8ms)[0m  [1m[34mSELECT  "users".* FROM "users" WHERE "users"."id" = $1 LIMIT $2[0m  [["id", 3], ["LIMIT", 1]]
  [1m[36mEvent Load (0.9ms)[0m  [1m[34mSELECT  "events".* FROM "events" WHERE "events"."id" = $1 LIMIT $2[0m  [["id", 7], ["LIMIT", 1]]
  Rendering events/show.html.erb within layouts/application
  [1m[36mLocation Load (0.7ms)[0m  [1m[34mSELECT "locations".* FROM "locations" WHERE "locations"."event_id" = $1[0m  [["event_id", 7]]
  Rendered events/show.html.erb within layouts/application (33.9ms)
Completed 200 OK in 545ms (Views: 493.2ms | ActiveRecord: 2.4ms)


Started GET "/events/7" for 127.0.0.1 at 2017-05-31 11:43:22 -0400
Processing by EventsController#show as HTML
  Parameters: {"id"=>"7"}
  [1m[36mUser Load (1.1ms)[0m  [1m[34mSELECT  "users".* FROM "users" WHERE "users"."id" = $1 LIMIT $2[0m  [["id", 3], ["LIMIT", 1]]
  [1m[36mEvent Load (0.8ms)[0m  [1m[34mSELECT  "events".* FROM "events" WHERE "events"."id" = $1 LIMIT $2[0m  [["id", 7], ["LIMIT", 1]]
  Rendering events/show.html.erb within layouts/application
  [1m[36mLocation Load (0.7ms)[0m  [1m[34mSELECT "locations".* FROM "locations" WHERE "locations"."event_id" = $1[0m  [["event_id", 7]]
  Rendered events/show.html.erb within layouts/application (30.2ms)
Completed 200 OK in 507ms (Views: 459.1ms | ActiveRecord: 2.5ms)


Started GET "/tasks" for 127.0.0.1 at 2017-05-31 11:53:20 -0400
Processing by TasksController#index as HTML
  Rendering tasks/index.html.erb within layouts/application
  Rendered tasks/index.html.erb within layouts/application (3.9ms)
  [1m[36mUser Load (0.6ms)[0m  [1m[34mSELECT  "users".* FROM "users" WHERE "users"."id" = $1 LIMIT $2[0m  [["id", 3], ["LIMIT", 1]]
Completed 200 OK in 610ms (Views: 564.2ms | ActiveRecord: 0.6ms)


Started GET "/tasks/new" for 127.0.0.1 at 2017-05-31 11:53:25 -0400
Processing by TasksController#new as HTML
  [1m[36mUser Load (0.6ms)[0m  [1m[34mSELECT  "users".* FROM "users" WHERE "users"."id" = $1 LIMIT $2[0m  [["id", 3], ["LIMIT", 1]]
  Rendering tasks/new.html.erb within layouts/application
  Rendered tasks/new.html.erb within layouts/application (93.9ms)
Completed 200 OK in 643ms (Views: 515.3ms | ActiveRecord: 5.7ms)


Started GET "/tasks/new" for 127.0.0.1 at 2017-05-31 11:54:00 -0400
Processing by TasksController#new as HTML
  [1m[36mUser Load (0.7ms)[0m  [1m[34mSELECT  "users".* FROM "users" WHERE "users"."id" = $1 LIMIT $2[0m  [["id", 3], ["LIMIT", 1]]
  Rendering tasks/new.html.erb within layouts/application
  Rendered tasks/new.html.erb within layouts/application (76.5ms)
Completed 200 OK in 559ms (Views: 512.6ms | ActiveRecord: 0.7ms)


Started GET "/tasks/new" for 127.0.0.1 at 2017-05-31 11:55:09 -0400
Processing by TasksController#new as HTML
  [1m[36mUser Load (0.5ms)[0m  [1m[34mSELECT  "users".* FROM "users" WHERE "users"."id" = $1 LIMIT $2[0m  [["id", 3], ["LIMIT", 1]]
  Rendering tasks/new.html.erb within layouts/application
  Rendered tasks/new.html.erb within layouts/application (75.6ms)
Completed 200 OK in 589ms (Views: 561.0ms | ActiveRecord: 0.5ms)


Started GET "/tasks/new" for 127.0.0.1 at 2017-05-31 11:55:25 -0400
Processing by TasksController#new as HTML
  [1m[36mUser Load (0.8ms)[0m  [1m[34mSELECT  "users".* FROM "users" WHERE "users"."id" = $1 LIMIT $2[0m  [["id", 3], ["LIMIT", 1]]
  Rendering tasks/new.html.erb within layouts/application
  Rendered tasks/new.html.erb within layouts/application (78.1ms)
Completed 200 OK in 586ms (Views: 534.6ms | ActiveRecord: 0.8ms)


Started GET "/tasks/new" for 127.0.0.1 at 2017-05-31 11:55:34 -0400
Processing by TasksController#new as HTML
  [1m[36mUser Load (0.5ms)[0m  [1m[34mSELECT  "users".* FROM "users" WHERE "users"."id" = $1 LIMIT $2[0m  [["id", 3], ["LIMIT", 1]]
  Rendering tasks/new.html.erb within layouts/application
  Rendered tasks/new.html.erb within layouts/application (89.6ms)
Completed 200 OK in 624ms (Views: 600.0ms | ActiveRecord: 0.5ms)


Started GET "/tasks/new" for 127.0.0.1 at 2017-05-31 11:55:47 -0400
Processing by TasksController#new as HTML
  [1m[36mUser Load (0.6ms)[0m  [1m[34mSELECT  "users".* FROM "users" WHERE "users"."id" = $1 LIMIT $2[0m  [["id", 3], ["LIMIT", 1]]
  Rendering tasks/new.html.erb within layouts/application
  Rendered tasks/new.html.erb within layouts/application (69.1ms)
Completed 200 OK in 545ms (Views: 504.3ms | ActiveRecord: 0.6ms)


Started GET "/tasks/new" for 127.0.0.1 at 2017-05-31 11:56:12 -0400
Processing by TasksController#new as HTML
  [1m[36mUser Load (0.6ms)[0m  [1m[34mSELECT  "users".* FROM "users" WHERE "users"."id" = $1 LIMIT $2[0m  [["id", 3], ["LIMIT", 1]]
  Rendering tasks/new.html.erb within layouts/application
  Rendered tasks/new.html.erb within layouts/application (72.7ms)
Completed 200 OK in 581ms (Views: 552.5ms | ActiveRecord: 0.6ms)


Started GET "/tasks/new" for 127.0.0.1 at 2017-05-31 11:56:36 -0400
Processing by TasksController#new as HTML
  [1m[36mUser Load (0.8ms)[0m  [1m[34mSELECT  "users".* FROM "users" WHERE "users"."id" = $1 LIMIT $2[0m  [["id", 3], ["LIMIT", 1]]
  Rendering tasks/new.html.erb within layouts/application
  Rendered tasks/new.html.erb within layouts/application (79.9ms)
Completed 200 OK in 576ms (Views: 548.0ms | ActiveRecord: 0.8ms)


Started GET "/tasks/new" for 127.0.0.1 at 2017-05-31 11:56:47 -0400
Processing by TasksController#new as HTML
  [1m[36mUser Load (0.7ms)[0m  [1m[34mSELECT  "users".* FROM "users" WHERE "users"."id" = $1 LIMIT $2[0m  [["id", 3], ["LIMIT", 1]]
  Rendering tasks/new.html.erb within layouts/application
  Rendered tasks/new.html.erb within layouts/application (76.2ms)
Completed 200 OK in 595ms (Views: 556.9ms | ActiveRecord: 0.7ms)


Started GET "/tasks/new" for 127.0.0.1 at 2017-05-31 11:56:55 -0400
Processing by TasksController#new as HTML
  [1m[36mUser Load (0.6ms)[0m  [1m[34mSELECT  "users".* FROM "users" WHERE "users"."id" = $1 LIMIT $2[0m  [["id", 3], ["LIMIT", 1]]
  Rendering tasks/new.html.erb within layouts/application
  Rendered tasks/new.html.erb within layouts/application (71.7ms)
Completed 200 OK in 485ms (Views: 461.0ms | ActiveRecord: 0.6ms)


Started GET "/tasks/new" for 127.0.0.1 at 2017-05-31 11:57:18 -0400
Processing by TasksController#new as HTML
  [1m[36mUser Load (0.5ms)[0m  [1m[34mSELECT  "users".* FROM "users" WHERE "users"."id" = $1 LIMIT $2[0m  [["id", 3], ["LIMIT", 1]]
  Rendering tasks/new.html.erb within layouts/application
  Rendered tasks/new.html.erb within layouts/application (69.0ms)
Completed 200 OK in 555ms (Views: 517.2ms | ActiveRecord: 0.5ms)


Started GET "/tasks/new" for 127.0.0.1 at 2017-05-31 11:57:23 -0400
Processing by TasksController#new as HTML
  [1m[36mUser Load (0.6ms)[0m  [1m[34mSELECT  "users".* FROM "users" WHERE "users"."id" = $1 LIMIT $2[0m  [["id", 3], ["LIMIT", 1]]
  Rendering tasks/new.html.erb within layouts/application
  Rendered tasks/new.html.erb within layouts/application (71.1ms)
Completed 200 OK in 542ms (Views: 514.0ms | ActiveRecord: 0.6ms)


Started GET "/tasks/new" for 127.0.0.1 at 2017-05-31 11:57:47 -0400
Processing by TasksController#new as HTML
  [1m[36mUser Load (0.5ms)[0m  [1m[34mSELECT  "users".* FROM "users" WHERE "users"."id" = $1 LIMIT $2[0m  [["id", 3], ["LIMIT", 1]]
  Rendering tasks/new.html.erb within layouts/application
  Rendered tasks/new.html.erb within layouts/application (81.1ms)
Completed 200 OK in 543ms (Views: 514.6ms | ActiveRecord: 0.5ms)


Started GET "/tasks/new" for 127.0.0.1 at 2017-05-31 11:58:37 -0400
Processing by TasksController#new as HTML
  [1m[36mUser Load (0.6ms)[0m  [1m[34mSELECT  "users".* FROM "users" WHERE "users"."id" = $1 LIMIT $2[0m  [["id", 3], ["LIMIT", 1]]
  Rendering tasks/new.html.erb within layouts/application
  Rendered tasks/new.html.erb within layouts/application (82.9ms)
Completed 200 OK in 551ms (Views: 514.2ms | ActiveRecord: 0.6ms)


Started GET "/tasks/new" for 127.0.0.1 at 2017-05-31 11:58:55 -0400
Processing by TasksController#new as HTML
  [1m[36mUser Load (0.6ms)[0m  [1m[34mSELECT  "users".* FROM "users" WHERE "users"."id" = $1 LIMIT $2[0m  [["id", 3], ["LIMIT", 1]]
  Rendering tasks/new.html.erb within layouts/application
  Rendered tasks/new.html.erb within layouts/application (5.4ms)
Completed 500 Internal Server Error in 54ms (ActiveRecord: 0.6ms)


  
SyntaxError (/Users/terrancekoar/programs/flatiron/taskr_app/app/views/tasks/new.html.erb:20: syntax error, unexpected tSTRING_BEG, expecting ')'
...ct :priority, [1, 2, 3, 4, 5] "1 = lowest priority, 5 = high...
...                               ^):
  
app/views/tasks/new.html.erb:20: syntax error, unexpected tSTRING_BEG, expecting ')'
  Rendering /Users/terrancekoar/.rvm/gems/ruby-2.3.4/gems/actionpack-5.0.3/lib/action_dispatch/middleware/templates/rescues/diagnostics.html.erb within rescues/layout
  Rendering /Users/terrancekoar/.rvm/gems/ruby-2.3.4/gems/actionpack-5.0.3/lib/action_dispatch/middleware/templates/rescues/_source.html.erb
  Rendered /Users/terrancekoar/.rvm/gems/ruby-2.3.4/gems/actionpack-5.0.3/lib/action_dispatch/middleware/templates/rescues/_source.html.erb (394.2ms)
  Rendering /Users/terrancekoar/.rvm/gems/ruby-2.3.4/gems/actionpack-5.0.3/lib/action_dispatch/middleware/templates/rescues/_trace.html.erb
  Rendered /Users/terrancekoar/.rvm/gems/ruby-2.3.4/gems/actionpack-5.0.3/lib/action_dispatch/middleware/templates/rescues/_trace.html.erb (91.1ms)
  Rendering /Users/terrancekoar/.rvm/gems/ruby-2.3.4/gems/actionpack-5.0.3/lib/action_dispatch/middleware/templates/rescues/_request_and_response.html.erb
  Rendered /Users/terrancekoar/.rvm/gems/ruby-2.3.4/gems/actionpack-5.0.3/lib/action_dispatch/middleware/templates/rescues/_request_and_response.html.erb (6.1ms)
  Rendered /Users/terrancekoar/.rvm/gems/ruby-2.3.4/gems/actionpack-5.0.3/lib/action_dispatch/middleware/templates/rescues/diagnostics.html.erb within rescues/layout (580.7ms)
Started GET "/tasks/new" for 127.0.0.1 at 2017-05-31 12:00:18 -0400
Processing by TasksController#new as HTML
  [1m[36mUser Load (0.7ms)[0m  [1m[34mSELECT  "users".* FROM "users" WHERE "users"."id" = $1 LIMIT $2[0m  [["id", 3], ["LIMIT", 1]]
  Rendering tasks/new.html.erb within layouts/application
  Rendered tasks/new.html.erb within layouts/application (74.4ms)
Completed 200 OK in 579ms (Views: 535.0ms | ActiveRecord: 0.7ms)


Started GET "/tasks/new" for 127.0.0.1 at 2017-05-31 12:00:28 -0400
Processing by TasksController#new as HTML
  [1m[36mUser Load (0.7ms)[0m  [1m[34mSELECT  "users".* FROM "users" WHERE "users"."id" = $1 LIMIT $2[0m  [["id", 3], ["LIMIT", 1]]
  Rendering tasks/new.html.erb within layouts/application
  Rendered tasks/new.html.erb within layouts/application (74.7ms)
Completed 200 OK in 564ms (Views: 523.1ms | ActiveRecord: 0.7ms)


Started GET "/tasks/new" for 127.0.0.1 at 2017-05-31 12:01:58 -0400
Processing by TasksController#new as HTML
  [1m[36mUser Load (0.6ms)[0m  [1m[34mSELECT  "users".* FROM "users" WHERE "users"."id" = $1 LIMIT $2[0m  [["id", 3], ["LIMIT", 1]]
  Rendering tasks/new.html.erb within layouts/application
  Rendered tasks/new.html.erb within layouts/application (74.5ms)
Completed 200 OK in 575ms (Views: 538.4ms | ActiveRecord: 0.6ms)


Started GET "/tasks/new" for 127.0.0.1 at 2017-05-31 12:02:11 -0400
Processing by TasksController#new as HTML
  [1m[36mUser Load (0.7ms)[0m  [1m[34mSELECT  "users".* FROM "users" WHERE "users"."id" = $1 LIMIT $2[0m  [["id", 3], ["LIMIT", 1]]
  Rendering tasks/new.html.erb within layouts/application
  Rendered tasks/new.html.erb within layouts/application (82.7ms)
Completed 200 OK in 615ms (Views: 576.6ms | ActiveRecord: 0.7ms)


Started GET "/tasks/event/3" for 127.0.0.1 at 2017-05-31 12:02:58 -0400
  
ActionController::RoutingError (No route matches [GET] "/tasks/event/3"):
  
actionpack (5.0.3) lib/action_dispatch/middleware/debug_exceptions.rb:53:in `call'
web-console (3.5.1) lib/web_console/middleware.rb:135:in `call_app'
web-console (3.5.1) lib/web_console/middleware.rb:28:in `block in call'
web-console (3.5.1) lib/web_console/middleware.rb:18:in `catch'
web-console (3.5.1) lib/web_console/middleware.rb:18:in `call'
actionpack (5.0.3) lib/action_dispatch/middleware/show_exceptions.rb:31:in `call'
railties (5.0.3) lib/rails/rack/logger.rb:36:in `call_app'
railties (5.0.3) lib/rails/rack/logger.rb:24:in `block in call'
activesupport (5.0.3) lib/active_support/tagged_logging.rb:69:in `block in tagged'
activesupport (5.0.3) lib/active_support/tagged_logging.rb:26:in `tagged'
activesupport (5.0.3) lib/active_support/tagged_logging.rb:69:in `tagged'
railties (5.0.3) lib/rails/rack/logger.rb:24:in `call'
sprockets-rails (3.2.0) lib/sprockets/rails/quiet_assets.rb:13:in `call'
actionpack (5.0.3) lib/action_dispatch/middleware/request_id.rb:24:in `call'
rack (2.0.3) lib/rack/method_override.rb:22:in `call'
rack (2.0.3) lib/rack/runtime.rb:22:in `call'
activesupport (5.0.3) lib/active_support/cache/strategy/local_cache_middleware.rb:28:in `call'
actionpack (5.0.3) lib/action_dispatch/middleware/executor.rb:12:in `call'
actionpack (5.0.3) lib/action_dispatch/middleware/static.rb:136:in `call'
rack (2.0.3) lib/rack/sendfile.rb:111:in `call'
railties (5.0.3) lib/rails/engine.rb:522:in `call'
puma (3.8.2) lib/puma/configuration.rb:224:in `call'
puma (3.8.2) lib/puma/server.rb:600:in `handle_request'
puma (3.8.2) lib/puma/server.rb:435:in `process_client'
puma (3.8.2) lib/puma/server.rb:299:in `block in run'
puma (3.8.2) lib/puma/thread_pool.rb:120:in `block in spawn_thread'
  Rendering /Users/terrancekoar/.rvm/gems/ruby-2.3.4/gems/actionpack-5.0.3/lib/action_dispatch/middleware/templates/rescues/routing_error.html.erb within rescues/layout
  Rendering /Users/terrancekoar/.rvm/gems/ruby-2.3.4/gems/actionpack-5.0.3/lib/action_dispatch/middleware/templates/rescues/_trace.html.erb
  Rendered /Users/terrancekoar/.rvm/gems/ruby-2.3.4/gems/actionpack-5.0.3/lib/action_dispatch/middleware/templates/rescues/_trace.html.erb (37.2ms)
  Rendered collection of /Users/terrancekoar/.rvm/gems/ruby-2.3.4/gems/actionpack-5.0.3/lib/action_dispatch/middleware/templates/routes/_route.html.erb [27 times] (143.2ms)
  Rendered /Users/terrancekoar/.rvm/gems/ruby-2.3.4/gems/actionpack-5.0.3/lib/action_dispatch/middleware/templates/routes/_table.html.erb (10.6ms)
  Rendering /Users/terrancekoar/.rvm/gems/ruby-2.3.4/gems/actionpack-5.0.3/lib/action_dispatch/middleware/templates/rescues/_request_and_response.html.erb
  Rendered /Users/terrancekoar/.rvm/gems/ruby-2.3.4/gems/actionpack-5.0.3/lib/action_dispatch/middleware/templates/rescues/_request_and_response.html.erb (14.8ms)
  Rendered /Users/terrancekoar/.rvm/gems/ruby-2.3.4/gems/actionpack-5.0.3/lib/action_dispatch/middleware/templates/rescues/routing_error.html.erb within rescues/layout (396.2ms)
Started GET "/tasks/event/6" for 127.0.0.1 at 2017-05-31 12:03:03 -0400
  
ActionController::RoutingError (No route matches [GET] "/tasks/event/6"):
  
actionpack (5.0.3) lib/action_dispatch/middleware/debug_exceptions.rb:53:in `call'
web-console (3.5.1) lib/web_console/middleware.rb:135:in `call_app'
web-console (3.5.1) lib/web_console/middleware.rb:28:in `block in call'
web-console (3.5.1) lib/web_console/middleware.rb:18:in `catch'
web-console (3.5.1) lib/web_console/middleware.rb:18:in `call'
actionpack (5.0.3) lib/action_dispatch/middleware/show_exceptions.rb:31:in `call'
railties (5.0.3) lib/rails/rack/logger.rb:36:in `call_app'
railties (5.0.3) lib/rails/rack/logger.rb:24:in `block in call'
activesupport (5.0.3) lib/active_support/tagged_logging.rb:69:in `block in tagged'
activesupport (5.0.3) lib/active_support/tagged_logging.rb:26:in `tagged'
activesupport (5.0.3) lib/active_support/tagged_logging.rb:69:in `tagged'
railties (5.0.3) lib/rails/rack/logger.rb:24:in `call'
sprockets-rails (3.2.0) lib/sprockets/rails/quiet_assets.rb:13:in `call'
actionpack (5.0.3) lib/action_dispatch/middleware/request_id.rb:24:in `call'
rack (2.0.3) lib/rack/method_override.rb:22:in `call'
rack (2.0.3) lib/rack/runtime.rb:22:in `call'
activesupport (5.0.3) lib/active_support/cache/strategy/local_cache_middleware.rb:28:in `call'
actionpack (5.0.3) lib/action_dispatch/middleware/executor.rb:12:in `call'
actionpack (5.0.3) lib/action_dispatch/middleware/static.rb:136:in `call'
rack (2.0.3) lib/rack/sendfile.rb:111:in `call'
railties (5.0.3) lib/rails/engine.rb:522:in `call'
puma (3.8.2) lib/puma/configuration.rb:224:in `call'
puma (3.8.2) lib/puma/server.rb:600:in `handle_request'
puma (3.8.2) lib/puma/server.rb:435:in `process_client'
puma (3.8.2) lib/puma/server.rb:299:in `block in run'
puma (3.8.2) lib/puma/thread_pool.rb:120:in `block in spawn_thread'
  Rendering /Users/terrancekoar/.rvm/gems/ruby-2.3.4/gems/actionpack-5.0.3/lib/action_dispatch/middleware/templates/rescues/routing_error.html.erb within rescues/layout
  Rendering /Users/terrancekoar/.rvm/gems/ruby-2.3.4/gems/actionpack-5.0.3/lib/action_dispatch/middleware/templates/rescues/_trace.html.erb
  Rendered /Users/terrancekoar/.rvm/gems/ruby-2.3.4/gems/actionpack-5.0.3/lib/action_dispatch/middleware/templates/rescues/_trace.html.erb (23.6ms)
  Rendered collection of /Users/terrancekoar/.rvm/gems/ruby-2.3.4/gems/actionpack-5.0.3/lib/action_dispatch/middleware/templates/routes/_route.html.erb [27 times] (169.7ms)
  Rendered /Users/terrancekoar/.rvm/gems/ruby-2.3.4/gems/actionpack-5.0.3/lib/action_dispatch/middleware/templates/routes/_table.html.erb (14.2ms)
  Rendering /Users/terrancekoar/.rvm/gems/ruby-2.3.4/gems/actionpack-5.0.3/lib/action_dispatch/middleware/templates/rescues/_request_and_response.html.erb
  Rendered /Users/terrancekoar/.rvm/gems/ruby-2.3.4/gems/actionpack-5.0.3/lib/action_dispatch/middleware/templates/rescues/_request_and_response.html.erb (33.7ms)
  Rendered /Users/terrancekoar/.rvm/gems/ruby-2.3.4/gems/actionpack-5.0.3/lib/action_dispatch/middleware/templates/rescues/routing_error.html.erb within rescues/layout (477.2ms)
Started GET "/tasks/events" for 127.0.0.1 at 2017-05-31 12:03:07 -0400
Processing by TasksController#show as HTML
  Parameters: {"id"=>"events"}
  [1m[36mUser Load (0.6ms)[0m  [1m[34mSELECT  "users".* FROM "users" WHERE "users"."id" = $1 LIMIT $2[0m  [["id", 3], ["LIMIT", 1]]
  [1m[36mTask Load (5.2ms)[0m  [1m[34mSELECT  "tasks".* FROM "tasks" WHERE "tasks"."id" = $1 LIMIT $2[0m  [["id", 0], ["LIMIT", 1]]
Completed 404 Not Found in 56ms (ActiveRecord: 5.7ms)


  
ActiveRecord::RecordNotFound (Couldn't find Task with 'id'=events):
  
app/controllers/tasks_controller.rb:53:in `find_task'
  Rendering /Users/terrancekoar/.rvm/gems/ruby-2.3.4/gems/actionpack-5.0.3/lib/action_dispatch/middleware/templates/rescues/diagnostics.html.erb within rescues/layout
  Rendering /Users/terrancekoar/.rvm/gems/ruby-2.3.4/gems/actionpack-5.0.3/lib/action_dispatch/middleware/templates/rescues/_source.html.erb
  Rendered /Users/terrancekoar/.rvm/gems/ruby-2.3.4/gems/actionpack-5.0.3/lib/action_dispatch/middleware/templates/rescues/_source.html.erb (232.8ms)
  Rendering /Users/terrancekoar/.rvm/gems/ruby-2.3.4/gems/actionpack-5.0.3/lib/action_dispatch/middleware/templates/rescues/_trace.html.erb
  Rendered /Users/terrancekoar/.rvm/gems/ruby-2.3.4/gems/actionpack-5.0.3/lib/action_dispatch/middleware/templates/rescues/_trace.html.erb (57.9ms)
  Rendering /Users/terrancekoar/.rvm/gems/ruby-2.3.4/gems/actionpack-5.0.3/lib/action_dispatch/middleware/templates/rescues/_request_and_response.html.erb
  Rendered /Users/terrancekoar/.rvm/gems/ruby-2.3.4/gems/actionpack-5.0.3/lib/action_dispatch/middleware/templates/rescues/_request_and_response.html.erb (10.5ms)
  Rendered /Users/terrancekoar/.rvm/gems/ruby-2.3.4/gems/actionpack-5.0.3/lib/action_dispatch/middleware/templates/rescues/diagnostics.html.erb within rescues/layout (396.4ms)
Started GET "/events" for 127.0.0.1 at 2017-05-31 12:03:16 -0400
Processing by EventsController#index as HTML
  Rendering events/index.html.erb within layouts/application
  Rendered events/index.html.erb within layouts/application (2.2ms)
  [1m[36mUser Load (0.6ms)[0m  [1m[34mSELECT  "users".* FROM "users" WHERE "users"."id" = $1 LIMIT $2[0m  [["id", 3], ["LIMIT", 1]]
Completed 200 OK in 518ms (Views: 499.6ms | ActiveRecord: 0.6ms)


Started GET "/events/6" for 127.0.0.1 at 2017-05-31 12:03:20 -0400
Processing by EventsController#show as HTML
  Parameters: {"id"=>"6"}
  [1m[36mUser Load (0.6ms)[0m  [1m[34mSELECT  "users".* FROM "users" WHERE "users"."id" = $1 LIMIT $2[0m  [["id", 3], ["LIMIT", 1]]
  [1m[36mEvent Load (0.8ms)[0m  [1m[34mSELECT  "events".* FROM "events" WHERE "events"."id" = $1 LIMIT $2[0m  [["id", 6], ["LIMIT", 1]]
  Rendering events/show.html.erb within layouts/application
  [1m[36mLocation Load (0.8ms)[0m  [1m[34mSELECT "locations".* FROM "locations" WHERE "locations"."event_id" = $1[0m  [["event_id", 6]]
  Rendered events/show.html.erb within layouts/application (38.4ms)
Completed 200 OK in 626ms (Views: 576.2ms | ActiveRecord: 2.2ms)


Started GET "/events/6" for 127.0.0.1 at 2017-05-31 12:15:26 -0400
Processing by EventsController#show as HTML
  Parameters: {"id"=>"6"}
  [1m[36mUser Load (0.9ms)[0m  [1m[34mSELECT  "users".* FROM "users" WHERE "users"."id" = $1 LIMIT $2[0m  [["id", 3], ["LIMIT", 1]]
  [1m[36mEvent Load (0.8ms)[0m  [1m[34mSELECT  "events".* FROM "events" WHERE "events"."id" = $1 LIMIT $2[0m  [["id", 6], ["LIMIT", 1]]
  Rendering events/show.html.erb within layouts/application
  [1m[36mLocation Load (0.7ms)[0m  [1m[34mSELECT "locations".* FROM "locations" WHERE "locations"."event_id" = $1[0m  [["event_id", 6]]
  Rendered events/show.html.erb within layouts/application (112.2ms)
Completed 200 OK in 912ms (Views: 599.2ms | ActiveRecord: 5.9ms)


Started GET "/events/6" for 127.0.0.1 at 2017-05-31 12:16:11 -0400
Processing by EventsController#show as HTML
  Parameters: {"id"=>"6"}
  [1m[36mUser Load (0.6ms)[0m  [1m[34mSELECT  "users".* FROM "users" WHERE "users"."id" = $1 LIMIT $2[0m  [["id", 3], ["LIMIT", 1]]
  [1m[36mEvent Load (0.7ms)[0m  [1m[34mSELECT  "events".* FROM "events" WHERE "events"."id" = $1 LIMIT $2[0m  [["id", 6], ["LIMIT", 1]]
  Rendering events/show.html.erb within layouts/application
  [1m[36mLocation Load (1.0ms)[0m  [1m[34mSELECT "locations".* FROM "locations" WHERE "locations"."event_id" = $1[0m  [["event_id", 6]]
  Rendered events/show.html.erb within layouts/application (60.5ms)
Completed 200 OK in 632ms (Views: 577.1ms | ActiveRecord: 2.3ms)


Started GET "/events/6" for 127.0.0.1 at 2017-05-31 12:16:31 -0400
Processing by EventsController#show as HTML
  Parameters: {"id"=>"6"}
  [1m[36mUser Load (0.6ms)[0m  [1m[34mSELECT  "users".* FROM "users" WHERE "users"."id" = $1 LIMIT $2[0m  [["id", 3], ["LIMIT", 1]]
  [1m[36mEvent Load (0.6ms)[0m  [1m[34mSELECT  "events".* FROM "events" WHERE "events"."id" = $1 LIMIT $2[0m  [["id", 6], ["LIMIT", 1]]
  Rendering events/show.html.erb within layouts/application
  [1m[36mLocation Load (0.6ms)[0m  [1m[34mSELECT "locations".* FROM "locations" WHERE "locations"."event_id" = $1[0m  [["event_id", 6]]
  Rendered events/show.html.erb within layouts/application (55.3ms)
Completed 200 OK in 563ms (Views: 513.0ms | ActiveRecord: 1.8ms)


Started GET "/events/6" for 127.0.0.1 at 2017-05-31 12:16:53 -0400
Processing by EventsController#show as HTML
  Parameters: {"id"=>"6"}
  [1m[36mUser Load (0.6ms)[0m  [1m[34mSELECT  "users".* FROM "users" WHERE "users"."id" = $1 LIMIT $2[0m  [["id", 3], ["LIMIT", 1]]
  [1m[36mEvent Load (0.6ms)[0m  [1m[34mSELECT  "events".* FROM "events" WHERE "events"."id" = $1 LIMIT $2[0m  [["id", 6], ["LIMIT", 1]]
  Rendering events/show.html.erb within layouts/application
  [1m[36mLocation Load (0.7ms)[0m  [1m[34mSELECT "locations".* FROM "locations" WHERE "locations"."event_id" = $1[0m  [["event_id", 6]]
  Rendered events/show.html.erb within layouts/application (56.0ms)
Completed 200 OK in 581ms (Views: 532.2ms | ActiveRecord: 2.0ms)


Started GET "/events/6" for 127.0.0.1 at 2017-05-31 12:19:30 -0400
Processing by EventsController#show as HTML
  Parameters: {"id"=>"6"}
  [1m[36mUser Load (0.5ms)[0m  [1m[34mSELECT  "users".* FROM "users" WHERE "users"."id" = $1 LIMIT $2[0m  [["id", 3], ["LIMIT", 1]]
  [1m[36mEvent Load (0.6ms)[0m  [1m[34mSELECT  "events".* FROM "events" WHERE "events"."id" = $1 LIMIT $2[0m  [["id", 6], ["LIMIT", 1]]
  Rendering events/show.html.erb within layouts/application
  [1m[36mLocation Load (0.7ms)[0m  [1m[34mSELECT "locations".* FROM "locations" WHERE "locations"."event_id" = $1[0m  [["event_id", 6]]
  [1m[36mTask Load (0.6ms)[0m  [1m[34mSELECT "tasks".* FROM "tasks" WHERE "tasks"."event_id" = $1[0m  [["event_id", 6]]
  Rendered events/show.html.erb within layouts/application (166.3ms)
Completed 200 OK in 704ms (Views: 658.4ms | ActiveRecord: 5.0ms)


Started GET "/events/6" for 127.0.0.1 at 2017-05-31 12:22:14 -0400
Processing by EventsController#show as HTML
  Parameters: {"id"=>"6"}
  [1m[36mUser Load (0.6ms)[0m  [1m[34mSELECT  "users".* FROM "users" WHERE "users"."id" = $1 LIMIT $2[0m  [["id", 3], ["LIMIT", 1]]
  [1m[36mEvent Load (0.6ms)[0m  [1m[34mSELECT  "events".* FROM "events" WHERE "events"."id" = $1 LIMIT $2[0m  [["id", 6], ["LIMIT", 1]]
  Rendering events/show.html.erb within layouts/application
  [1m[36mLocation Load (0.8ms)[0m  [1m[34mSELECT "locations".* FROM "locations" WHERE "locations"."event_id" = $1[0m  [["event_id", 6]]
  [1m[36mTask Load (1.3ms)[0m  [1m[34mSELECT "tasks".* FROM "tasks" WHERE "tasks"."event_id" = $1[0m  [["event_id", 6]]
  Rendered events/show.html.erb within layouts/application (109.2ms)
Completed 200 OK in 664ms (Views: 606.6ms | ActiveRecord: 3.3ms)


Started POST "/tasks" for 127.0.0.1 at 2017-05-31 12:23:47 -0400
Processing by TasksController#create as HTML
  Parameters: {"utf8"=>"✓", "authenticity_token"=>"/wo7jwpdSNMyrIOwO2vW350DRrODeihI26WUuvL/JhAVEr4oN9zkNslasdGNZ95pp+sNW/B7LixAimcJdasZQA==", "title"=>"task1", "task_location"=>"staples", "end_location"=>"loading dock", "description"=>"get paper b*tch", "priority"=>"3", "commit"=>"Create Task"}
  [1m[36mUser Load (0.5ms)[0m  [1m[34mSELECT  "users".* FROM "users" WHERE "users"."id" = $1 LIMIT $2[0m  [["id", 3], ["LIMIT", 1]]
Completed 400 Bad Request in 25ms (ActiveRecord: 0.5ms)


  
ActionController::ParameterMissing (param is missing or the value is empty: task):
  
app/controllers/tasks_controller.rb:49:in `task_params'
app/controllers/tasks_controller.rb:14:in `create'
  Rendering /Users/terrancekoar/.rvm/gems/ruby-2.3.4/gems/actionpack-5.0.3/lib/action_dispatch/middleware/templates/rescues/diagnostics.html.erb within rescues/layout
  Rendering /Users/terrancekoar/.rvm/gems/ruby-2.3.4/gems/actionpack-5.0.3/lib/action_dispatch/middleware/templates/rescues/_source.html.erb
  Rendered /Users/terrancekoar/.rvm/gems/ruby-2.3.4/gems/actionpack-5.0.3/lib/action_dispatch/middleware/templates/rescues/_source.html.erb (243.6ms)
  Rendering /Users/terrancekoar/.rvm/gems/ruby-2.3.4/gems/actionpack-5.0.3/lib/action_dispatch/middleware/templates/rescues/_trace.html.erb
  Rendered /Users/terrancekoar/.rvm/gems/ruby-2.3.4/gems/actionpack-5.0.3/lib/action_dispatch/middleware/templates/rescues/_trace.html.erb (58.8ms)
  Rendering /Users/terrancekoar/.rvm/gems/ruby-2.3.4/gems/actionpack-5.0.3/lib/action_dispatch/middleware/templates/rescues/_request_and_response.html.erb
  Rendered /Users/terrancekoar/.rvm/gems/ruby-2.3.4/gems/actionpack-5.0.3/lib/action_dispatch/middleware/templates/rescues/_request_and_response.html.erb (24.4ms)
  Rendered /Users/terrancekoar/.rvm/gems/ruby-2.3.4/gems/actionpack-5.0.3/lib/action_dispatch/middleware/templates/rescues/diagnostics.html.erb within rescues/layout (421.3ms)
Started POST "/tasks" for 127.0.0.1 at 2017-05-31 12:26:43 -0400
Processing by TasksController#create as HTML
  Parameters: {"utf8"=>"✓", "authenticity_token"=>"/wo7jwpdSNMyrIOwO2vW350DRrODeihI26WUuvL/JhAVEr4oN9zkNslasdGNZ95pp+sNW/B7LixAimcJdasZQA==", "title"=>"task1", "task_location"=>"staples", "end_location"=>"loading dock", "description"=>"get paper b*tch", "priority"=>"3", "commit"=>"Create Task"}
  [1m[36mUser Load (0.6ms)[0m  [1m[34mSELECT  "users".* FROM "users" WHERE "users"."id" = $1 LIMIT $2[0m  [["id", 3], ["LIMIT", 1]]
Completed 400 Bad Request in 213ms (ActiveRecord: 0.6ms)


  
ActionController::ParameterMissing (param is missing or the value is empty: task):
  
app/controllers/tasks_controller.rb:49:in `task_params'
app/controllers/tasks_controller.rb:14:in `create'
  Rendering /Users/terrancekoar/.rvm/gems/ruby-2.3.4/gems/actionpack-5.0.3/lib/action_dispatch/middleware/templates/rescues/diagnostics.html.erb within rescues/layout
  Rendering /Users/terrancekoar/.rvm/gems/ruby-2.3.4/gems/actionpack-5.0.3/lib/action_dispatch/middleware/templates/rescues/_source.html.erb
  Rendered /Users/terrancekoar/.rvm/gems/ruby-2.3.4/gems/actionpack-5.0.3/lib/action_dispatch/middleware/templates/rescues/_source.html.erb (252.5ms)
  Rendering /Users/terrancekoar/.rvm/gems/ruby-2.3.4/gems/actionpack-5.0.3/lib/action_dispatch/middleware/templates/rescues/_trace.html.erb
  Rendered /Users/terrancekoar/.rvm/gems/ruby-2.3.4/gems/actionpack-5.0.3/lib/action_dispatch/middleware/templates/rescues/_trace.html.erb (57.1ms)
  Rendering /Users/terrancekoar/.rvm/gems/ruby-2.3.4/gems/actionpack-5.0.3/lib/action_dispatch/middleware/templates/rescues/_request_and_response.html.erb
  Rendered /Users/terrancekoar/.rvm/gems/ruby-2.3.4/gems/actionpack-5.0.3/lib/action_dispatch/middleware/templates/rescues/_request_and_response.html.erb (40.9ms)
  Rendered /Users/terrancekoar/.rvm/gems/ruby-2.3.4/gems/actionpack-5.0.3/lib/action_dispatch/middleware/templates/rescues/diagnostics.html.erb within rescues/layout (432.2ms)
Started POST "/tasks" for 127.0.0.1 at 2017-05-31 12:29:09 -0400
Processing by TasksController#create as HTML
  Parameters: {"utf8"=>"✓", "authenticity_token"=>"/wo7jwpdSNMyrIOwO2vW350DRrODeihI26WUuvL/JhAVEr4oN9zkNslasdGNZ95pp+sNW/B7LixAimcJdasZQA==", "title"=>"task1", "task_location"=>"staples", "end_location"=>"loading dock", "description"=>"get paper b*tch", "priority"=>"3", "commit"=>"Create Task"}
  [1m[36mUser Load (0.6ms)[0m  [1m[34mSELECT  "users".* FROM "users" WHERE "users"."id" = $1 LIMIT $2[0m  [["id", 3], ["LIMIT", 1]]
Completed 400 Bad Request in 37ms (ActiveRecord: 0.6ms)


  
ActionController::ParameterMissing (param is missing or the value is empty: task):
  
app/controllers/tasks_controller.rb:49:in `task_params'
app/controllers/tasks_controller.rb:14:in `create'
  Rendering /Users/terrancekoar/.rvm/gems/ruby-2.3.4/gems/actionpack-5.0.3/lib/action_dispatch/middleware/templates/rescues/diagnostics.html.erb within rescues/layout
  Rendering /Users/terrancekoar/.rvm/gems/ruby-2.3.4/gems/actionpack-5.0.3/lib/action_dispatch/middleware/templates/rescues/_source.html.erb
  Rendered /Users/terrancekoar/.rvm/gems/ruby-2.3.4/gems/actionpack-5.0.3/lib/action_dispatch/middleware/templates/rescues/_source.html.erb (245.1ms)
  Rendering /Users/terrancekoar/.rvm/gems/ruby-2.3.4/gems/actionpack-5.0.3/lib/action_dispatch/middleware/templates/rescues/_trace.html.erb
  Rendered /Users/terrancekoar/.rvm/gems/ruby-2.3.4/gems/actionpack-5.0.3/lib/action_dispatch/middleware/templates/rescues/_trace.html.erb (62.5ms)
  Rendering /Users/terrancekoar/.rvm/gems/ruby-2.3.4/gems/actionpack-5.0.3/lib/action_dispatch/middleware/templates/rescues/_request_and_response.html.erb
  Rendered /Users/terrancekoar/.rvm/gems/ruby-2.3.4/gems/actionpack-5.0.3/lib/action_dispatch/middleware/templates/rescues/_request_and_response.html.erb (26.0ms)
  Rendered /Users/terrancekoar/.rvm/gems/ruby-2.3.4/gems/actionpack-5.0.3/lib/action_dispatch/middleware/templates/rescues/diagnostics.html.erb within rescues/layout (427.5ms)
